\BOOKMARK [0][-]{chapter*.6}{\376\377\000I\000n\000t\000r\000o\000d\000u\000c\000t\000i\000o\000n\000\040\000g\000\351\000n\000\351\000r\000a\000l\000e}{}% 1
\BOOKMARK [0][-]{chapter.1}{\376\377\000C\000o\000n\000t\000e\000x\000t\000e\000\040\000g\000\351\000n\000\351\000r\000a\000l\000\040\000d\000u\000\040\000p\000r\000o\000j\000e\000t}{}% 2
\BOOKMARK [1][-]{section.1.1}{\376\377\000I\000n\000t\000r\000o\000d\000u\000c\000t\000i\000o\000n}{chapter.1}% 3
\BOOKMARK [1][-]{section.1.2}{\376\377\000P\000r\000\351\000s\000e\000n\000t\000a\000t\000i\000o\000n\000\040\000d\000e\000\040\000S\000a\000g\000e\000m\000c\000o\000m\000\040\000E\000z\000z\000a\000h\000r\000a}{chapter.1}% 4
\BOOKMARK [2][-]{subsection.1.2.1}{\376\377\000A\000p\000e\000r\000\347\000u\000\040\000d\000e\000\040\000l\000'\000e\000n\000t\000r\000e\000p\000r\000i\000s\000e}{section.1.2}% 5
\BOOKMARK [2][-]{subsection.1.2.2}{\376\377\000P\000o\000s\000i\000t\000i\000o\000n\000\040\000s\000u\000r\000\040\000l\000e\000\040\000m\000a\000r\000c\000h\000\351\000\040\000e\000t\000\040\000p\000r\000\351\000s\000e\000n\000c\000e}{section.1.2}% 6
\BOOKMARK [2][-]{subsection.1.2.3}{\376\377\000C\000o\000n\000t\000e\000x\000t\000e\000\040\000d\000u\000\040\000p\000r\000o\000j\000e\000t}{section.1.2}% 7
\BOOKMARK [1][-]{section.1.3}{\376\377\000M\000i\000s\000s\000i\000o\000n\000\040\000e\000t\000\040\000o\000b\000j\000e\000c\000t\000i\000f\000s\000\040\000d\000u\000\040\000p\000r\000o\000j\000e\000t}{chapter.1}% 8
\BOOKMARK [2][-]{subsection.1.3.1}{\376\377\000\311\000n\000o\000n\000c\000\351\000\040\000d\000e\000\040\000l\000a\000\040\000m\000i\000s\000s\000i\000o\000n}{section.1.3}% 9
\BOOKMARK [2][-]{subsection.1.3.2}{\376\377\000O\000b\000j\000e\000c\000t\000i\000f\000s\000\040\000s\000t\000r\000a\000t\000\351\000g\000i\000q\000u\000e\000s}{section.1.3}% 10
\BOOKMARK [1][-]{section.1.4}{\376\377\000P\000\351\000r\000i\000m\000\350\000t\000r\000e\000\040\000d\000u\000\040\000p\000r\000o\000j\000e\000t}{chapter.1}% 11
\BOOKMARK [2][-]{subsection.1.4.1}{\376\377\000\311\000t\000u\000d\000e\000\040\000d\000u\000\040\000s\000y\000s\000t\000\350\000m\000e\000\040\000e\000x\000i\000s\000t\000a\000n\000t}{section.1.4}% 12
\BOOKMARK [2][-]{subsection.1.4.2}{\376\377\000A\000n\000a\000l\000y\000s\000e\000\040\000c\000r\000i\000t\000i\000q\000u\000e\000\040\000d\000e\000\040\000l\000'\000i\000n\000f\000r\000a\000s\000t\000r\000u\000c\000t\000u\000r\000e\000\040\000a\000c\000t\000u\000e\000l\000l\000e}{section.1.4}% 13
\BOOKMARK [2][-]{subsection.1.4.3}{\376\377\000S\000o\000l\000u\000t\000i\000o\000n\000\040\000p\000r\000o\000p\000o\000s\000\351\000e}{section.1.4}% 14
\BOOKMARK [1][-]{section.1.5}{\376\377\000C\000o\000n\000t\000e\000x\000t\000e\000\040\000e\000t\000\040\000o\000b\000j\000e\000c\000t\000i\000f\000s\000\040\000d\000u\000\040\000p\000r\000o\000j\000e\000t}{chapter.1}% 15
\BOOKMARK [2][-]{subsection.1.5.1}{\376\377\000C\000o\000n\000t\000e\000x\000t\000e\000\040\000e\000t\000\040\000h\000i\000s\000t\000o\000r\000i\000q\000u\000e}{section.1.5}% 16
\BOOKMARK [2][-]{subsection.1.5.2}{\376\377\000M\000\351\000t\000h\000o\000d\000o\000l\000o\000g\000i\000e\000\040\000d\000e\000\040\000t\000r\000a\000v\000a\000i\000l}{section.1.5}% 17
\BOOKMARK [1][-]{section.1.6}{\376\377\000C\000o\000n\000c\000l\000u\000s\000i\000o\000n}{chapter.1}% 18
\BOOKMARK [0][-]{chapter.2}{\376\377\000A\000n\000a\000l\000y\000s\000e\000\040\000e\000t\000\040\000s\000p\000\351\000c\000i\000f\000i\000c\000a\000t\000i\000o\000n\000\040\000d\000e\000s\000\040\000b\000e\000s\000o\000i\000n\000s}{}% 19
\BOOKMARK [1][-]{section.2.1}{\376\377\000I\000n\000t\000r\000o\000d\000u\000c\000t\000i\000o\000n}{chapter.2}% 20
\BOOKMARK [1][-]{section.2.2}{\376\377\000I\000d\000e\000n\000t\000i\000f\000i\000c\000a\000t\000i\000o\000n\000\040\000d\000e\000s\000\040\000a\000c\000t\000e\000u\000r\000s}{chapter.2}% 21
\BOOKMARK [2][-]{subsection.2.2.1}{\376\377\000A\000d\000m\000i\000n\000i\000s\000t\000r\000a\000t\000e\000u\000r}{section.2.2}% 22
\BOOKMARK [2][-]{subsection.2.2.2}{\376\377\000T\000e\000c\000h\000n\000i\000c\000i\000e\000n}{section.2.2}% 23
\BOOKMARK [2][-]{subsection.2.2.3}{\376\377\000I\000n\000g\000\351\000n\000i\000e\000u\000r}{section.2.2}% 24
\BOOKMARK [1][-]{section.2.3}{\376\377\000B\000e\000s\000o\000i\000n\000s\000\040\000f\000o\000n\000c\000t\000i\000o\000n\000n\000e\000l\000s}{chapter.2}% 25
\BOOKMARK [1][-]{section.2.4}{\376\377\000B\000e\000s\000o\000i\000n\000s\000\040\000n\000o\000n\000\040\000f\000o\000n\000c\000t\000i\000o\000n\000n\000e\000l\000s}{chapter.2}% 26
\BOOKMARK [1][-]{section.2.5}{\376\377\000D\000i\000a\000g\000r\000a\000m\000m\000e\000\040\000d\000e\000s\000\040\000c\000a\000s\000\040\000d\000'\000u\000t\000i\000l\000i\000s\000a\000t\000i\000o\000n}{chapter.2}% 27
\BOOKMARK [1][-]{section.2.6}{\376\377\000D\000e\000s\000c\000r\000i\000p\000t\000i\000o\000n\000\040\000d\000e\000s\000\040\000c\000a\000s\000\040\000d\000'\000u\000t\000i\000l\000i\000s\000a\000t\000i\000o\000n\000\040\000p\000r\000i\000n\000c\000i\000p\000a\000u\000x}{chapter.2}% 28
\BOOKMARK [1][-]{section.2.7}{\376\377\000C\000o\000n\000c\000l\000u\000s\000i\000o\000n}{chapter.2}% 29
\BOOKMARK [0][-]{chapter.3}{\376\377\000C\000o\000n\000c\000e\000p\000t\000i\000o\000n}{}% 30
\BOOKMARK [1][-]{section.3.1}{\376\377\000A\000r\000c\000h\000i\000t\000e\000c\000t\000u\000r\000e\000\040\000g\000\351\000n\000\351\000r\000a\000l\000e\000\040\000d\000e\000\040\000l\000'\000a\000p\000p\000l\000i\000c\000a\000t\000i\000o\000n}{chapter.3}% 31
\BOOKMARK [2][-]{subsection.3.1.1}{\376\377\000A\000r\000c\000h\000i\000t\000e\000c\000t\000u\000r\000e\000\040\000g\000l\000o\000b\000a\000l\000e\000\040\000d\000u\000\040\000s\000y\000s\000t\000\350\000m\000e}{section.3.1}% 32
\BOOKMARK [2][-]{subsection.3.1.2}{\376\377\000A\000r\000c\000h\000i\000t\000e\000c\000t\000u\000r\000e\000\040\000N\000-\000t\000i\000e\000r\000s}{section.3.1}% 33
\BOOKMARK [2][-]{subsection.3.1.3}{\376\377\000C\000l\000e\000a\000n\000\040\000A\000r\000c\000h\000i\000t\000e\000c\000t\000u\000r\000e}{section.3.1}% 34
\BOOKMARK [1][-]{section.3.2}{\376\377\000C\000h\000o\000i\000x\000\040\000t\000e\000c\000h\000n\000o\000l\000o\000g\000i\000q\000u\000e\000s}{chapter.3}% 35
\BOOKMARK [2][-]{subsection.3.2.1}{\376\377\000N\000o\000d\000e\000.\000j\000s\000\040\000/\000\040\000E\000x\000p\000r\000e\000s\000s\000.\000j\000s}{section.3.2}% 36
\BOOKMARK [2][-]{subsection.3.2.2}{\376\377\000M\000o\000n\000g\000o\000D\000B\000\040\000/\000\040\000M\000o\000n\000g\000o\000o\000s\000e}{section.3.2}% 37
\BOOKMARK [2][-]{subsection.3.2.3}{\376\377\000R\000e\000a\000c\000t\000\040\0001\0008\000\040\000/\000\040\000T\000y\000p\000e\000S\000c\000r\000i\000p\000t}{section.3.2}% 38
\BOOKMARK [2][-]{subsection.3.2.4}{\376\377\000D\000o\000c\000k\000e\000r}{section.3.2}% 39
\BOOKMARK [2][-]{subsection.3.2.5}{\376\377\000K\000u\000b\000e\000r\000n\000e\000t\000e\000s}{section.3.2}% 40
\BOOKMARK [2][-]{subsection.3.2.6}{\376\377\000H\000e\000l\000m}{section.3.2}% 41
\BOOKMARK [2][-]{subsection.3.2.7}{\376\377\000G\000i\000t\000H\000u\000b\000\040\000A\000c\000t\000i\000o\000n\000s}{section.3.2}% 42
\BOOKMARK [2][-]{subsection.3.2.8}{\376\377\000P\000r\000o\000m\000e\000t\000h\000e\000u\000s}{section.3.2}% 43
\BOOKMARK [2][-]{subsection.3.2.9}{\376\377\000G\000r\000a\000f\000a\000n\000a}{section.3.2}% 44
\BOOKMARK [1][-]{section.3.3}{\376\377\000D\000i\000a\000g\000r\000a\000m\000m\000e\000\040\000d\000e\000\040\000c\000l\000a\000s\000s\000e\000s}{chapter.3}% 45
\BOOKMARK [1][-]{section.3.4}{\376\377\000D\000i\000a\000g\000r\000a\000m\000m\000e\000s\000\040\000d\000e\000\040\000s\000\351\000q\000u\000e\000n\000c\000e}{chapter.3}% 46
\BOOKMARK [2][-]{subsection.3.4.1}{\376\377\000C\000a\000s\000\040\000d\000'\000u\000t\000i\000l\000i\000s\000a\000t\000i\000o\000n\000\040\000:\000\040\000A\000u\000t\000h\000e\000n\000t\000i\000f\000i\000c\000a\000t\000i\000o\000n}{section.3.4}% 47
\BOOKMARK [2][-]{subsection.3.4.2}{\376\377\000C\000a\000s\000\040\000d\000'\000u\000t\000i\000l\000i\000s\000a\000t\000i\000o\000n\000\040\000:\000\040\000E\000x\000\351\000c\000u\000t\000i\000o\000n\000\040\000d\000'\000u\000n\000\040\000t\000e\000s\000t\000\040\000T\000e\000l\000n\000e\000t}{section.3.4}% 48
\BOOKMARK [2][-]{subsection.3.4.3}{\376\377\000C\000a\000s\000\040\000d\000'\000u\000t\000i\000l\000i\000s\000a\000t\000i\000o\000n\000\040\000:\000\040\000G\000e\000s\000t\000i\000o\000n\000\040\000C\000R\000U\000D\000\040\000d\000e\000s\000\040\000\351\000q\000u\000i\000p\000e\000m\000e\000n\000t\000s}{section.3.4}% 49
\BOOKMARK [2][-]{subsection.3.4.4}{\376\377\000C\000a\000s\000\040\000d\000'\000u\000t\000i\000l\000i\000s\000a\000t\000i\000o\000n\000\040\000:\000\040\000T\000e\000s\000t\000s\000\040\000m\000u\000l\000t\000i\000-\000s\000l\000o\000t\000s\000\040\000e\000n\000\040\000p\000a\000r\000a\000l\000l\000\350\000l\000e}{section.3.4}% 50
\BOOKMARK [2][-]{subsection.3.4.5}{\376\377\000C\000a\000s\000\040\000d\000'\000u\000t\000i\000l\000i\000s\000a\000t\000i\000o\000n\000\040\000:\000\040\000G\000\351\000n\000\351\000r\000a\000t\000i\000o\000n\000\040\000d\000e\000\040\000r\000a\000p\000p\000o\000r\000t}{section.3.4}% 51
\BOOKMARK [1][-]{section.3.5}{\376\377\000M\000o\000d\000\350\000l\000e\000\040\000d\000e\000\040\000l\000a\000\040\000b\000a\000s\000e\000\040\000d\000e\000\040\000d\000o\000n\000n\000\351\000e\000s\000\040\000M\000o\000n\000g\000o\000D\000B}{chapter.3}% 52
\BOOKMARK [2][-]{subsection.3.5.1}{\376\377\000J\000u\000s\000t\000i\000f\000i\000c\000a\000t\000i\000o\000n\000\040\000d\000u\000\040\000c\000h\000o\000i\000x\000\040\000N\000o\000S\000Q\000L}{section.3.5}% 53
\BOOKMARK [1][-]{section.3.6}{\376\377\000C\000o\000n\000c\000e\000p\000t\000i\000o\000n\000\040\000d\000e\000s\000\040\000i\000n\000t\000e\000r\000f\000a\000c\000e\000s\000\040\000u\000t\000i\000l\000i\000s\000a\000t\000e\000u\000r}{chapter.3}% 54
\BOOKMARK [2][-]{subsection.3.6.1}{\376\377\000T\000a\000b\000l\000e\000a\000u\000\040\000d\000e\000\040\000b\000o\000r\000d\000\040\000p\000r\000i\000n\000c\000i\000p\000a\000l\000\040\000\050\000D\000a\000s\000h\000b\000o\000a\000r\000d\000\051}{section.3.6}% 55
\BOOKMARK [2][-]{subsection.3.6.2}{\376\377\000M\000o\000d\000u\000l\000e\000\040\000d\000e\000\040\000c\000o\000n\000f\000i\000g\000u\000r\000a\000t\000i\000o\000n}{section.3.6}% 56
\BOOKMARK [2][-]{subsection.3.6.3}{\376\377\000P\000a\000n\000n\000e\000a\000u\000\040\000d\000'\000a\000d\000m\000i\000n\000i\000s\000t\000r\000a\000t\000i\000o\000n}{section.3.6}% 57
\BOOKMARK [0][-]{chapter.4}{\376\377\000R\000\351\000a\000l\000i\000s\000a\000t\000i\000o\000n\000\040\000e\000t\000\040\000d\000\351\000v\000e\000l\000o\000p\000p\000e\000m\000e\000n\000t}{}% 58
\BOOKMARK [1][-]{section.4.1}{\376\377\000E\000n\000v\000i\000r\000o\000n\000n\000e\000m\000e\000n\000t\000\040\000d\000e\000\040\000d\000\351\000v\000e\000l\000o\000p\000p\000e\000m\000e\000n\000t}{chapter.4}% 59
\BOOKMARK [1][-]{section.4.2}{\376\377\000S\000t\000r\000u\000c\000t\000u\000r\000e\000\040\000d\000u\000\040\000p\000r\000o\000j\000e\000t}{chapter.4}% 60
\BOOKMARK [2][-]{subsection.4.2.1}{\376\377\000S\000t\000r\000u\000c\000t\000u\000r\000e\000\040\000d\000u\000\040\000b\000a\000c\000k\000e\000n\000d}{section.4.2}% 61
\BOOKMARK [2][-]{subsection.4.2.2}{\376\377\000S\000t\000r\000u\000c\000t\000u\000r\000e\000\040\000d\000u\000\040\000f\000r\000o\000n\000t\000e\000n\000d}{section.4.2}% 62
\BOOKMARK [1][-]{section.4.3}{\376\377\000I\000m\000p\000l\000\351\000m\000e\000n\000t\000a\000t\000i\000o\000n\000\040\000d\000u\000\040\000m\000o\000d\000u\000l\000e\000\040\000d\000e\000\040\000t\000e\000s\000t\000\040\000T\000e\000l\000n\000e\000t}{chapter.4}% 63
\BOOKMARK [2][-]{subsection.4.3.1}{\376\377\000A\000r\000c\000h\000i\000t\000e\000c\000t\000u\000r\000e\000\040\000W\000o\000r\000k\000e\000r\000\040\000T\000h\000r\000e\000a\000d\000s}{section.4.3}% 64
\BOOKMARK [2][-]{subsection.4.3.2}{\376\377\000G\000e\000s\000t\000i\000o\000n\000n\000a\000i\000r\000e\000\040\000d\000e\000\040\000W\000o\000r\000k\000e\000r\000s\000\040\000\050\000T\000e\000s\000t\000W\000o\000r\000k\000e\000r\000M\000a\000n\000a\000g\000e\000r\000\051}{section.4.3}% 65
\BOOKMARK [2][-]{subsection.4.3.3}{\376\377\000W\000o\000r\000k\000e\000r\000\040\000T\000h\000r\000e\000a\000d\000\040\000T\000e\000l\000n\000e\000t\000\040\000\050\000t\000e\000s\000t\000W\000o\000r\000k\000e\000r\000.\000j\000s\000\051}{section.4.3}% 66
\BOOKMARK [1][-]{section.4.4}{\376\377\000I\000m\000p\000l\000\351\000m\000e\000n\000t\000a\000t\000i\000o\000n\000\040\000b\000a\000c\000k\000e\000n\000d}{chapter.4}% 67
\BOOKMARK [2][-]{subsection.4.4.1}{\376\377\000M\000i\000d\000d\000l\000e\000w\000a\000r\000e\000s\000\040\000d\000e\000\040\000s\000\351\000c\000u\000r\000i\000t\000\351}{section.4.4}% 68
\BOOKMARK [2][-]{subsection.4.4.2}{\376\377\000R\000\351\000f\000\351\000r\000e\000n\000t\000i\000e\000l\000\040\000d\000e\000s\000\040\000e\000n\000d\000p\000o\000i\000n\000t\000s}{section.4.4}% 69
\BOOKMARK [2][-]{subsection.4.4.3}{\376\377\000A\000u\000t\000h\000e\000n\000t\000i\000f\000i\000c\000a\000t\000i\000o\000n\000\040\000J\000W\000T}{section.4.4}% 70
\BOOKMARK [1][-]{section.4.5}{\376\377\000I\000m\000p\000l\000\351\000m\000e\000n\000t\000a\000t\000i\000o\000n\000\040\000f\000r\000o\000n\000t\000e\000n\000d}{chapter.4}% 71
\BOOKMARK [2][-]{subsection.4.5.1}{\376\377\000D\000a\000s\000h\000b\000o\000a\000r\000d}{section.4.5}% 72
\BOOKMARK [2][-]{subsection.4.5.2}{\376\377\000G\000e\000s\000t\000i\000o\000n\000\040\000d\000e\000s\000\040\000\351\000q\000u\000i\000p\000e\000m\000e\000n\000t\000s}{section.4.5}% 73
\BOOKMARK [2][-]{subsection.4.5.3}{\376\377\000M\000o\000n\000i\000t\000o\000r\000i\000n\000g\000\040\000t\000e\000m\000p\000s\000\040\000r\000\351\000e\000l}{section.4.5}% 74
\BOOKMARK [1][-]{section.4.6}{\376\377\000C\000a\000p\000t\000u\000r\000e\000s\000\040\000d\000'\000\351\000c\000r\000a\000n\000\040\000e\000t\000\040\000d\000\351\000m\000o\000n\000s\000t\000r\000a\000t\000i\000o\000n}{chapter.4}% 75
\BOOKMARK [0][-]{chapter.5}{\376\377\000D\000e\000v\000O\000p\000s\000\040\000e\000t\000\040\000d\000\351\000p\000l\000o\000i\000e\000m\000e\000n\000t}{}% 76
\BOOKMARK [1][-]{section.5.1}{\376\377\000I\000n\000t\000r\000o\000d\000u\000c\000t\000i\000o\000n\000\040\000a\000u\000\040\000D\000e\000v\000O\000p\000s\000\040\000e\000t\000\040\000a\000u\000\040\000C\000I\000/\000C\000D}{chapter.5}% 77
\BOOKMARK [1][-]{section.5.2}{\376\377\000A\000r\000c\000h\000i\000t\000e\000c\000t\000u\000r\000e\000\040\000D\000e\000v\000O\000p\000s\000\040\000d\000u\000\040\000p\000r\000o\000j\000e\000t}{chapter.5}% 78
\BOOKMARK [1][-]{section.5.3}{\376\377\000C\000o\000n\000t\000e\000n\000e\000u\000r\000i\000s\000a\000t\000i\000o\000n\000\040\000a\000v\000e\000c\000\040\000D\000o\000c\000k\000e\000r}{chapter.5}% 79
\BOOKMARK [2][-]{subsection.5.3.1}{\376\377\000D\000o\000c\000k\000e\000r\000f\000i\000l\000e\000\040\000d\000u\000\040\000b\000a\000c\000k\000e\000n\000d}{section.5.3}% 80
\BOOKMARK [2][-]{subsection.5.3.2}{\376\377\000D\000o\000c\000k\000e\000r\000f\000i\000l\000e\000\040\000d\000u\000\040\000f\000r\000o\000n\000t\000e\000n\000d\000\040\000\050\000m\000u\000l\000t\000i\000-\000s\000t\000a\000g\000e\000\051}{section.5.3}% 81
\BOOKMARK [2][-]{subsection.5.3.3}{\376\377\000D\000o\000c\000k\000e\000r\000\040\000C\000o\000m\000p\000o\000s\000e\000\040\000p\000o\000u\000r\000\040\000l\000e\000\040\000d\000\351\000v\000e\000l\000o\000p\000p\000e\000m\000e\000n\000t}{section.5.3}% 82
\BOOKMARK [1][-]{section.5.4}{\376\377\000O\000r\000c\000h\000e\000s\000t\000r\000a\000t\000i\000o\000n\000\040\000a\000v\000e\000c\000\040\000K\000u\000b\000e\000r\000n\000e\000t\000e\000s\000\040\000e\000t\000\040\000H\000e\000l\000m}{chapter.5}% 83
\BOOKMARK [2][-]{subsection.5.4.1}{\376\377\000S\000t\000r\000u\000c\000t\000u\000r\000e\000\040\000d\000e\000s\000\040\000m\000a\000n\000i\000f\000e\000s\000t\000e\000s\000\040\000K\000u\000b\000e\000r\000n\000e\000t\000e\000s}{section.5.4}% 84
\BOOKMARK [2][-]{subsection.5.4.2}{\376\377\000C\000h\000a\000r\000t\000\040\000H\000e\000l\000m}{section.5.4}% 85
\BOOKMARK [2][-]{subsection.5.4.3}{\376\377\000H\000o\000r\000i\000z\000o\000n\000t\000a\000l\000\040\000P\000o\000d\000\040\000A\000u\000t\000o\000s\000c\000a\000l\000e\000r}{section.5.4}% 86
\BOOKMARK [2][-]{subsection.5.4.4}{\376\377\000S\000t\000r\000a\000t\000\351\000g\000i\000e\000\040\000d\000e\000\040\000d\000\351\000p\000l\000o\000i\000e\000m\000e\000n\000t\000\040\000R\000o\000l\000l\000i\000n\000g\000\040\000U\000p\000d\000a\000t\000e}{section.5.4}% 87
\BOOKMARK [1][-]{section.5.5}{\376\377\000P\000i\000p\000e\000l\000i\000n\000e\000\040\000G\000i\000t\000H\000u\000b\000\040\000A\000c\000t\000i\000o\000n\000s}{chapter.5}% 88
\BOOKMARK [2][-]{subsection.5.5.1}{\376\377\000V\000u\000e\000\040\000d\000'\000e\000n\000s\000e\000m\000b\000l\000e\000\040\000d\000u\000\040\000w\000o\000r\000k\000f\000l\000o\000w}{section.5.5}% 89
\BOOKMARK [2][-]{subsection.5.5.2}{\376\377\000C\000o\000n\000f\000i\000g\000u\000r\000a\000t\000i\000o\000n\000\040\000d\000u\000\040\000r\000u\000n\000n\000e\000r\000\040\000a\000u\000t\000o\000-\000h\000\351\000b\000e\000r\000g\000\351}{section.5.5}% 90
\BOOKMARK [1][-]{section.5.6}{\376\377\000S\000u\000p\000e\000r\000v\000i\000s\000i\000o\000n\000\040\000a\000v\000e\000c\000\040\000P\000r\000o\000m\000e\000t\000h\000e\000u\000s\000\040\000e\000t\000\040\000G\000r\000a\000f\000a\000n\000a}{chapter.5}% 91
\BOOKMARK [2][-]{subsection.5.6.1}{\376\377\000M\000\351\000t\000r\000i\000q\000u\000e\000s\000\040\000P\000r\000o\000m\000e\000t\000h\000e\000u\000s}{section.5.6}% 92
\BOOKMARK [2][-]{subsection.5.6.2}{\376\377\000T\000a\000b\000l\000e\000a\000u\000\040\000d\000e\000\040\000b\000o\000r\000d\000\040\000G\000r\000a\000f\000a\000n\000a}{section.5.6}% 93
\BOOKMARK [1][-]{section.5.7}{\376\377\000I\000n\000f\000r\000a\000s\000t\000r\000u\000c\000t\000u\000r\000e\000\040\000a\000s\000\040\000C\000o\000d\000e}{chapter.5}% 94
\BOOKMARK [2][-]{subsection.5.7.1}{\376\377\000H\000e\000l\000m\000\040\000C\000h\000a\000r\000t\000s}{section.5.7}% 95
\BOOKMARK [2][-]{subsection.5.7.2}{\376\377\000M\000a\000n\000i\000f\000e\000s\000t\000e\000s\000\040\000K\000u\000b\000e\000r\000n\000e\000t\000e\000s}{section.5.7}% 96
\BOOKMARK [2][-]{subsection.5.7.3}{\376\377\000A\000u\000t\000o\000m\000a\000t\000i\000s\000a\000t\000i\000o\000n}{section.5.7}% 97
\BOOKMARK [1][-]{section.5.8}{\376\377\000T\000e\000s\000t\000s\000\040\000e\000t\000\040\000v\000a\000l\000i\000d\000a\000t\000i\000o\000n}{chapter.5}% 98
\BOOKMARK [2][-]{subsection.5.8.1}{\376\377\000S\000t\000r\000a\000t\000\351\000g\000i\000e\000\040\000d\000e\000\040\000t\000e\000s\000t\000s}{section.5.8}% 99
\BOOKMARK [2][-]{subsection.5.8.2}{\376\377\000T\000e\000s\000t\000s\000\040\000u\000n\000i\000t\000a\000i\000r\000e\000s\000\040\000\050\000J\000e\000s\000t\000\051}{section.5.8}% 100
\BOOKMARK [2][-]{subsection.5.8.3}{\376\377\000T\000e\000s\000t\000s\000\040\000f\000o\000n\000c\000t\000i\000o\000n\000n\000e\000l\000s\000\040\000\050\000s\000c\000\351\000n\000a\000r\000i\000o\000s\000\040\000E\0002\000E\000\051}{section.5.8}% 101
\BOOKMARK [2][-]{subsection.5.8.4}{\376\377\000R\000\351\000s\000u\000l\000t\000a\000t\000s\000\040\000d\000u\000\040\000p\000i\000p\000e\000l\000i\000n\000e\000\040\000C\000I\000/\000C\000D}{section.5.8}% 102
\BOOKMARK [2][-]{subsection.5.8.5}{\376\377\000T\000a\000b\000l\000e\000a\000u\000\040\000d\000e\000\040\000s\000y\000n\000t\000h\000\350\000s\000e\000\040\000d\000e\000\040\000v\000a\000l\000i\000d\000a\000t\000i\000o\000n}{section.5.8}% 103
\BOOKMARK [0][-]{chapter*.66}{\376\377\000C\000o\000n\000c\000l\000u\000s\000i\000o\000n\000\040\000g\000\351\000n\000\351\000r\000a\000l\000e\000\040\000e\000t\000\040\000p\000e\000r\000s\000p\000e\000c\000t\000i\000v\000e\000s}{}% 104
\BOOKMARK [0][-]{chapter*.67}{\376\377\000B\000i\000b\000l\000i\000o\000g\000r\000a\000p\000h\000i\000e}{}% 105
