This is pdfTeX, Version 3.141592653-2.6-1.40.28 (MiKTeX 25.12) (preloaded format=pdflatex 2026.5.22)  19 JUN 2026 17:27
entering extended mode
 restricted \write18 enabled.
 %&-line parsing enabled.
**./main.tex
(main.tex
LaTeX2e <2025-11-01>
L3 programming layer <2025-12-24>
(C:\Program Files\MiKTeX\tex/latex/base\report.cls
Document Class: report 2025/01/22 v1.4n Standard LaTeX document class
(C:\Program Files\MiKTeX\tex/latex/base\size12.clo
File: size12.clo 2025/01/22 v1.4n Standard LaTeX file (size option)
)
\c@part=\count275
\c@chapter=\count276
\c@section=\count277
\c@subsection=\count278
\c@subsubsection=\count279
\c@paragraph=\count280
\c@subparagraph=\count281
\c@figure=\count282
\c@table=\count283
\abovecaptionskip=\skip49
\belowcaptionskip=\skip50
\bibindent=\dimen148
)
(C:\Program Files\MiKTeX\tex/latex/base\inputenc.sty
Package: inputenc 2024/02/08 v1.3d Input encoding file
\inpenc@prehook=\toks17
\inpenc@posthook=\toks18
)
(C:\Program Files\MiKTeX\tex/latex/base\fontenc.sty
Package: fontenc 2025/07/18 v2.1d Standard LaTeX package
)
(C:\Program Files\MiKTeX\tex/generic/babel\babel.sty
Package: babel 2025/12/11 v25.17 The multilingual framework for LuaLaTeX, pdfLa
TeX and XeLaTeX
\babel@savecnt=\count284
LaTeX Encoding Info:    Redeclaring text command \ij (encoding OT1) on input li
ne 2068.
LaTeX Encoding Info:    Redeclaring text command \IJ (encoding OT1) on input li
ne 2070.
LaTeX Encoding Info:    Redeclaring text command \ij (encoding T1) on input lin
e 2072.
LaTeX Encoding Info:    Redeclaring text command \IJ (encoding T1) on input lin
e 2073.
LaTeX Encoding Info:    Ignoring declaration for text command \ij (encoding ?) 
on input line 2074.
LaTeX Encoding Info:    Ignoring declaration for text command \IJ (encoding ?) 
on input line 2076.
LaTeX Encoding Info:    Ignoring declaration for text command \SS (encoding ?) 
on input line 2101.
\U@D=\dimen149
\l@unhyphenated=\language79

(C:\Program Files\MiKTeX\tex/generic/babel\txtbabel.def)
\bbl@readstream=\read2
\bbl@dirlevel=\count285
Package babel Info: Configuration files are deprecated, as
(babel)             they can break document portability.
(babel)             Reported on input line 4196.

*************************************
* Local config file bblopts.cfg used
*
(C:\Program Files\MiKTeX\tex/latex/arabi\bblopts.cfg
File: bblopts.cfg 2005/09/08 v0.1 add Arabic and Farsi to "declared" options of
 babel
)
(C:\Program Files\MiKTeX\tex/generic/babel/locale/fr\babel-french.tex)
Package babel Info: Importing font and identification data for french
(babel)             from babel-fr.ini. Reported on input line 4320.

(C:\Program Files\MiKTeX\tex/generic/babel-french\french.ldf
Language: french 2025-08-15 v4.0e French support from the babel system

(C:\Program Files\MiKTeX\tex/generic/babel-french\french3.ldf
Language: french 2025-08-15 v3.7e French support from the babel system
\FB@stdchar=\count286
Package babel Info: Making : an active character on input line 273.
Package babel Info: Making ; an active character on input line 274.
Package babel Info: Making ! an active character on input line 275.
Package babel Info: Making ? an active character on input line 276.
\FBguill@level=\count287
\FBold@everypar=\toks19
\FB@Mht=\dimen150
\mc@charclass=\count288
\mc@charfam=\count289
\mc@charslot=\count290
\std@mcc=\count291
\dec@mcc=\count292
\FB@pardim=\dimen151
\listindentFB=\dimen152
\descindentFB=\dimen153
\labelindentFB=\dimen154
\labelwidthFB=\dimen155
\leftmarginFB=\dimen156
\parindentFFN=\dimen157
\FBfnindent=\dimen158
)))
(C:\Program Files\MiKTeX\tex/latex/carlisle\scalefnt.sty)
(C:\Program Files\MiKTeX\tex/latex/geometry\geometry.sty
Package: geometry 2026/03/07 v6.0 Page Geometry

(C:\Program Files\MiKTeX\tex/latex/graphics\keyval.sty
Package: keyval 2022/05/29 v1.15 key=value parser (DPC)
\KV@toks@=\toks20
)
(C:\Program Files\MiKTeX\tex/generic/iftex\ifvtex.sty
Package: ifvtex 2019/10/25 v1.7 ifvtex legacy package. Use iftex instead.

(C:\Program Files\MiKTeX\tex/generic/iftex\iftex.sty
Package: iftex 2024/12/12 v1.0g TeX engine tests
))
\Gm@cnth=\count293
\Gm@cntv=\count294
\c@Gm@tempcnt=\count295
\Gm@bindingoffset=\dimen159
\Gm@wd@mp=\dimen160
\Gm@odd@mp=\dimen161
\Gm@even@mp=\dimen162
\Gm@layoutwidth=\dimen163
\Gm@layoutheight=\dimen164
\Gm@layouthoffset=\dimen165
\Gm@layoutvoffset=\dimen166
\Gm@dimlist=\toks21

(C:\Program Files\MiKTeX\tex/latex/geometry\geometry.cfg))
(C:\Program Files\MiKTeX\tex/latex/setspace\setspace.sty
Package: setspace 2022/12/04 v6.7b set line spacing
)
(C:\Program Files\MiKTeX\tex/latex/psnfss\mathptmx.sty
Package: mathptmx 2020/03/25 PSNFSS-v9.3 Times w/ Math, improved (SPQR, WaS) 
LaTeX Font Info:    Redeclaring symbol font `operators' on input line 28.
LaTeX Font Info:    Overwriting symbol font `operators' in version `normal'
(Font)                  OT1/cmr/m/n --> OT1/ztmcm/m/n on input line 28.
LaTeX Font Info:    Overwriting symbol font `operators' in version `bold'
(Font)                  OT1/cmr/bx/n --> OT1/ztmcm/m/n on input line 28.
LaTeX Font Info:    Redeclaring symbol font `letters' on input line 29.
LaTeX Font Info:    Overwriting symbol font `letters' in version `normal'
(Font)                  OML/cmm/m/it --> OML/ztmcm/m/it on input line 29.
LaTeX Font Info:    Overwriting symbol font `letters' in version `bold'
(Font)                  OML/cmm/b/it --> OML/ztmcm/m/it on input line 29.
LaTeX Font Info:    Redeclaring symbol font `symbols' on input line 30.
LaTeX Font Info:    Overwriting symbol font `symbols' in version `normal'
(Font)                  OMS/cmsy/m/n --> OMS/ztmcm/m/n on input line 30.
LaTeX Font Info:    Overwriting symbol font `symbols' in version `bold'
(Font)                  OMS/cmsy/b/n --> OMS/ztmcm/m/n on input line 30.
LaTeX Font Info:    Redeclaring symbol font `largesymbols' on input line 31.
LaTeX Font Info:    Overwriting symbol font `largesymbols' in version `normal'
(Font)                  OMX/cmex/m/n --> OMX/ztmcm/m/n on input line 31.
LaTeX Font Info:    Overwriting symbol font `largesymbols' in version `bold'
(Font)                  OMX/cmex/m/n --> OMX/ztmcm/m/n on input line 31.
\symbold=\mathgroup4
\symitalic=\mathgroup5
LaTeX Font Info:    Redeclaring math alphabet \mathbf on input line 34.
LaTeX Font Info:    Overwriting math alphabet `\mathbf' in version `normal'
(Font)                  OT1/cmr/bx/n --> OT1/ptm/bx/n on input line 34.
LaTeX Font Info:    Overwriting math alphabet `\mathbf' in version `bold'
(Font)                  OT1/cmr/bx/n --> OT1/ptm/bx/n on input line 34.
LaTeX Font Info:    Redeclaring math alphabet \mathit on input line 35.
LaTeX Font Info:    Overwriting math alphabet `\mathit' in version `normal'
(Font)                  OT1/cmr/m/it --> OT1/ptm/m/it on input line 35.
LaTeX Font Info:    Overwriting math alphabet `\mathit' in version `bold'
(Font)                  OT1/cmr/bx/it --> OT1/ptm/m/it on input line 35.
LaTeX Info: Redefining \hbar on input line 50.
)
(C:\Program Files\MiKTeX\tex/latex/microtype\microtype.sty
Package: microtype 2026/03/01 v3.2d Micro-typographical refinements (RS)

(C:\Program Files\MiKTeX\tex/latex/etoolbox\etoolbox.sty
Package: etoolbox 2025/10/02 v2.5m e-TeX tools for LaTeX (JAW)
\etb@tempcnta=\count296
)
\MT@toks=\toks22
\MT@tempbox=\box53
\MT@count=\count297
LaTeX Info: Redefining \noprotrusionifhmode on input line 1084.
LaTeX Info: Redefining \leftprotrusion on input line 1085.
\MT@prot@toks=\toks23
LaTeX Info: Redefining \rightprotrusion on input line 1104.
LaTeX Info: Redefining \textls on input line 1449.
\MT@outer@kern=\dimen167
LaTeX Info: Redefining \microtypecontext on input line 2053.
LaTeX Info: Redefining \textmicrotypecontext on input line 2070.
\MT@listname@count=\count298

(C:\Program Files\MiKTeX\tex/latex/microtype\microtype-pdftex.def
File: microtype-pdftex.def 2026/03/01 v3.2d Definitions specific to pdftex (RS)

LaTeX Info: Redefining \lsstyle on input line 944.
LaTeX Info: Redefining \lslig on input line 944.
\MT@outer@space=\skip51
)
Package microtype Info: Loading configuration file microtype.cfg.

(C:\Program Files\MiKTeX\tex/latex/microtype\microtype.cfg
File: microtype.cfg 2026/03/01 v3.2d microtype main configuration file (RS)
)
LaTeX Info: Redefining \microtypesetup on input line 3065.
)
(C:\Program Files\MiKTeX\tex/latex/emptypage\emptypage.sty
Package: emptypage 2010/05/30 v1.2 Suppress page numbers and headings on empty 
pages
)
(C:\Program Files\MiKTeX\tex/latex/xcolor\xcolor.sty
Package: xcolor 2024/09/29 v3.02 LaTeX color extensions (UK)

(C:\Program Files\MiKTeX\tex/latex/graphics-cfg\color.cfg
File: color.cfg 2016/01/02 v1.6 sample color configuration
)
Package xcolor Info: Driver file: pdftex.def on input line 274.

(C:\Program Files\MiKTeX\tex/latex/graphics-def\pdftex.def
File: pdftex.def 2025/09/29 v1.2d Graphics/color driver for pdftex
)
(C:\Program Files\MiKTeX\tex/latex/graphics\mathcolor.ltx)
Package xcolor Info: Model `cmy' substituted by `cmy0' on input line 1349.
Package xcolor Info: Model `hsb' substituted by `rgb' on input line 1353.
Package xcolor Info: Model `RGB' extended on input line 1365.
Package xcolor Info: Model `HTML' substituted by `rgb' on input line 1367.
Package xcolor Info: Model `Hsb' substituted by `hsb' on input line 1368.
Package xcolor Info: Model `tHsb' substituted by `hsb' on input line 1369.
Package xcolor Info: Model `HSB' substituted by `hsb' on input line 1370.
Package xcolor Info: Model `Gray' substituted by `gray' on input line 1371.
Package xcolor Info: Model `wave' substituted by `hsb' on input line 1372.
)
(C:\Program Files\MiKTeX\tex/latex/graphics\dvipsnam.def
File: dvipsnam.def 2016/06/17 v3.0m Driver-dependent file (DPC,SPQR)
)
(C:\Program Files\MiKTeX\tex/latex/xcolor\svgnam.def
File: svgnam.def 2024/09/29 v3.02 Predefined colors according to SVG 1.1 (UK)
)
(C:\Program Files\MiKTeX\tex/latex/xcolor\x11nam.def
File: x11nam.def 2024/09/29 v3.02 Predefined colors according to Unix/X11 (UK)
)
(C:\Program Files\MiKTeX\tex/latex/titlesec\titlesec.sty
Package: titlesec 2025/01/04 v2.17 Sectioning titles
\ttl@box=\box54
\beforetitleunit=\skip52
\aftertitleunit=\skip53
\ttl@plus=\dimen168
\ttl@minus=\dimen169
\ttl@toksa=\toks24
\titlewidth=\dimen170
\titlewidthlast=\dimen171
\titlewidthfirst=\dimen172
)
(C:\Program Files\MiKTeX\tex/latex/fancyhdr\fancyhdr.sty
Package: fancyhdr 2025/02/07 v5.2 Extensive control of page headers and footers

\f@nch@headwidth=\skip54
\f@nch@offset@elh=\skip55
\f@nch@offset@erh=\skip56
\f@nch@offset@olh=\skip57
\f@nch@offset@orh=\skip58
\f@nch@offset@elf=\skip59
\f@nch@offset@erf=\skip60
\f@nch@offset@olf=\skip61
\f@nch@offset@orf=\skip62
\f@nch@height=\skip63
\f@nch@footalignment=\skip64
\f@nch@widthL=\skip65
\f@nch@widthC=\skip66
\f@nch@widthR=\skip67
\@temptokenb=\toks25
)
(C:\Program Files\MiKTeX\tex/latex/pgf/frontendlayer\tikz.sty
(C:\Program Files\MiKTeX\tex/latex/pgf/basiclayer\pgf.sty
(C:\Program Files\MiKTeX\tex/latex/pgf/utilities\pgfrcs.sty
(C:\Program Files\MiKTeX\tex/generic/pgf/utilities\pgfutil-common.tex
\pgfutil@everybye=\toks26
\pgfutil@tempdima=\dimen173
\pgfutil@tempdimb=\dimen174
)
(C:\Program Files\MiKTeX\tex/generic/pgf/utilities\pgfutil-latex.def
\pgfutil@abb=\box55
)
(C:\Program Files\MiKTeX\tex/generic/pgf/utilities\pgfrcs.code.tex
(C:\Program Files\MiKTeX\tex/generic/pgf\pgf.revision.tex)
Package: pgfrcs 2025-08-29 v3.1.11a (3.1.11a)
))
Package: pgf 2025-08-29 v3.1.11a (3.1.11a)

(C:\Program Files\MiKTeX\tex/latex/pgf/basiclayer\pgfcore.sty
(C:\Program Files\MiKTeX\tex/latex/graphics\graphicx.sty
Package: graphicx 2024/12/31 v1.2e Enhanced LaTeX Graphics (DPC,SPQR)

(C:\Program Files\MiKTeX\tex/latex/graphics\graphics.sty
Package: graphics 2024/08/06 v1.4g Standard LaTeX Graphics (DPC,SPQR)

(C:\Program Files\MiKTeX\tex/latex/graphics\trig.sty
Package: trig 2023/12/02 v1.11 sin cos tan (DPC)
)
(C:\Program Files\MiKTeX\tex/latex/graphics-cfg\graphics.cfg
File: graphics.cfg 2016/06/04 v1.11 sample graphics configuration
)
Package graphics Info: Driver file: pdftex.def on input line 106.
)
\Gin@req@height=\dimen175
\Gin@req@width=\dimen176
)
(C:\Program Files\MiKTeX\tex/latex/pgf/systemlayer\pgfsys.sty
(C:\Program Files\MiKTeX\tex/generic/pgf/systemlayer\pgfsys.code.tex
Package: pgfsys 2025-08-29 v3.1.11a (3.1.11a)

(C:\Program Files\MiKTeX\tex/generic/pgf/utilities\pgfkeys.code.tex
\pgfkeys@pathtoks=\toks27
\pgfkeys@temptoks=\toks28

(C:\Program Files\MiKTeX\tex/generic/pgf/utilities\pgfkeyslibraryfiltered.code.
tex
\pgfkeys@tmptoks=\toks29
))
\pgf@x=\dimen177
\pgf@y=\dimen178
\pgf@xa=\dimen179
\pgf@ya=\dimen180
\pgf@xb=\dimen181
\pgf@yb=\dimen182
\pgf@xc=\dimen183
\pgf@yc=\dimen184
\pgf@xd=\dimen185
\pgf@yd=\dimen186
\w@pgf@writea=\write3
\r@pgf@reada=\read3
\c@pgf@counta=\count299
\c@pgf@countb=\count300
\c@pgf@countc=\count301
\c@pgf@countd=\count302
\t@pgf@toka=\toks30
\t@pgf@tokb=\toks31
\t@pgf@tokc=\toks32
\pgf@sys@id@count=\count303
 (C:\Program Files\MiKTeX\tex/generic/pgf/systemlayer\pgf.cfg
File: pgf.cfg 2025-08-29 v3.1.11a (3.1.11a)
)
Driver file for pgf: pgfsys-pdftex.def

(C:\Program Files\MiKTeX\tex/generic/pgf/systemlayer\pgfsys-pdftex.def
File: pgfsys-pdftex.def 2025-08-29 v3.1.11a (3.1.11a)

(C:\Program Files\MiKTeX\tex/generic/pgf/systemlayer\pgfsys-common-pdf.def
File: pgfsys-common-pdf.def 2025-08-29 v3.1.11a (3.1.11a)
)))
(C:\Program Files\MiKTeX\tex/generic/pgf/systemlayer\pgfsyssoftpath.code.tex
File: pgfsyssoftpath.code.tex 2025-08-29 v3.1.11a (3.1.11a)
\pgfsyssoftpath@smallbuffer@items=\count304
\pgfsyssoftpath@bigbuffer@items=\count305
)
(C:\Program Files\MiKTeX\tex/generic/pgf/systemlayer\pgfsysprotocol.code.tex
File: pgfsysprotocol.code.tex 2025-08-29 v3.1.11a (3.1.11a)
))
(C:\Program Files\MiKTeX\tex/generic/pgf/basiclayer\pgfcore.code.tex
Package: pgfcore 2025-08-29 v3.1.11a (3.1.11a)

(C:\Program Files\MiKTeX\tex/generic/pgf/math\pgfmath.code.tex
(C:\Program Files\MiKTeX\tex/generic/pgf/math\pgfmathutil.code.tex)
(C:\Program Files\MiKTeX\tex/generic/pgf/math\pgfmathparser.code.tex
\pgfmath@dimen=\dimen187
\pgfmath@count=\count306
\pgfmath@box=\box56
\pgfmath@toks=\toks33
\pgfmath@stack@operand=\toks34
\pgfmath@stack@operation=\toks35
)
(C:\Program Files\MiKTeX\tex/generic/pgf/math\pgfmathfunctions.code.tex)
(C:\Program Files\MiKTeX\tex/generic/pgf/math\pgfmathfunctions.basic.code.tex)
(C:\Program Files\MiKTeX\tex/generic/pgf/math\pgfmathfunctions.trigonometric.co
de.tex)
(C:\Program Files\MiKTeX\tex/generic/pgf/math\pgfmathfunctions.random.code.tex)

(C:\Program Files\MiKTeX\tex/generic/pgf/math\pgfmathfunctions.comparison.code.
tex)
(C:\Program Files\MiKTeX\tex/generic/pgf/math\pgfmathfunctions.base.code.tex)
(C:\Program Files\MiKTeX\tex/generic/pgf/math\pgfmathfunctions.round.code.tex)
(C:\Program Files\MiKTeX\tex/generic/pgf/math\pgfmathfunctions.misc.code.tex)
(C:\Program Files\MiKTeX\tex/generic/pgf/math\pgfmathfunctions.integerarithmeti
cs.code.tex) (C:\Program Files\MiKTeX\tex/generic/pgf/math\pgfmathcalc.code.tex
) (C:\Program Files\MiKTeX\tex/generic/pgf/math\pgfmathfloat.code.tex
\c@pgfmathroundto@lastzeros=\count307
))
(C:\Program Files\MiKTeX\tex/generic/pgf/math\pgfint.code.tex)
(C:\Program Files\MiKTeX\tex/generic/pgf/basiclayer\pgfcorepoints.code.tex
File: pgfcorepoints.code.tex 2025-08-29 v3.1.11a (3.1.11a)
\pgf@picminx=\dimen188
\pgf@picmaxx=\dimen189
\pgf@picminy=\dimen190
\pgf@picmaxy=\dimen191
\pgf@pathminx=\dimen192
\pgf@pathmaxx=\dimen193
\pgf@pathminy=\dimen194
\pgf@pathmaxy=\dimen195
\pgf@xx=\dimen196
\pgf@xy=\dimen197
\pgf@yx=\dimen198
\pgf@yy=\dimen199
\pgf@zx=\dimen256
\pgf@zy=\dimen257
)
(C:\Program Files\MiKTeX\tex/generic/pgf/basiclayer\pgfcorepathconstruct.code.t
ex
File: pgfcorepathconstruct.code.tex 2025-08-29 v3.1.11a (3.1.11a)
\pgf@path@lastx=\dimen258
\pgf@path@lasty=\dimen259
)
(C:\Program Files\MiKTeX\tex/generic/pgf/basiclayer\pgfcorepathusage.code.tex
File: pgfcorepathusage.code.tex 2025-08-29 v3.1.11a (3.1.11a)
\pgf@shorten@end@additional=\dimen260
\pgf@shorten@start@additional=\dimen261
)
(C:\Program Files\MiKTeX\tex/generic/pgf/basiclayer\pgfcorescopes.code.tex
File: pgfcorescopes.code.tex 2025-08-29 v3.1.11a (3.1.11a)
\pgfpic=\box57
\pgf@hbox=\box58
\pgf@layerbox@main=\box59
\pgf@picture@serial@count=\count308
)
(C:\Program Files\MiKTeX\tex/generic/pgf/basiclayer\pgfcoregraphicstate.code.te
x
File: pgfcoregraphicstate.code.tex 2025-08-29 v3.1.11a (3.1.11a)
\pgflinewidth=\dimen262
)
(C:\Program Files\MiKTeX\tex/generic/pgf/basiclayer\pgfcoretransformations.code
.tex
File: pgfcoretransformations.code.tex 2025-08-29 v3.1.11a (3.1.11a)
\pgf@pt@x=\dimen263
\pgf@pt@y=\dimen264
\pgf@pt@temp=\dimen265
) (C:\Program Files\MiKTeX\tex/generic/pgf/basiclayer\pgfcorequick.code.tex
File: pgfcorequick.code.tex 2025-08-29 v3.1.11a (3.1.11a)
) (C:\Program Files\MiKTeX\tex/generic/pgf/basiclayer\pgfcoreobjects.code.tex
File: pgfcoreobjects.code.tex 2025-08-29 v3.1.11a (3.1.11a)
)
(C:\Program Files\MiKTeX\tex/generic/pgf/basiclayer\pgfcorepathprocessing.code.
tex
File: pgfcorepathprocessing.code.tex 2025-08-29 v3.1.11a (3.1.11a)
) (C:\Program Files\MiKTeX\tex/generic/pgf/basiclayer\pgfcorearrows.code.tex
File: pgfcorearrows.code.tex 2025-08-29 v3.1.11a (3.1.11a)
\pgfarrowsep=\dimen266
) (C:\Program Files\MiKTeX\tex/generic/pgf/basiclayer\pgfcoreshade.code.tex
File: pgfcoreshade.code.tex 2025-08-29 v3.1.11a (3.1.11a)
\pgf@max=\dimen267
\pgf@sys@shading@range@num=\count309
\pgf@shadingcount=\count310
)
(C:\Program Files\MiKTeX\tex/generic/pgf/basiclayer\pgfcoreimage.code.tex
File: pgfcoreimage.code.tex 2025-08-29 v3.1.11a (3.1.11a)
)
(C:\Program Files\MiKTeX\tex/generic/pgf/basiclayer\pgfcoreexternal.code.tex
File: pgfcoreexternal.code.tex 2025-08-29 v3.1.11a (3.1.11a)
\pgfexternal@startupbox=\box60
)
(C:\Program Files\MiKTeX\tex/generic/pgf/basiclayer\pgfcorelayers.code.tex
File: pgfcorelayers.code.tex 2025-08-29 v3.1.11a (3.1.11a)
)
(C:\Program Files\MiKTeX\tex/generic/pgf/basiclayer\pgfcoretransparency.code.te
x
File: pgfcoretransparency.code.tex 2025-08-29 v3.1.11a (3.1.11a)
) (C:\Program Files\MiKTeX\tex/generic/pgf/basiclayer\pgfcorepatterns.code.tex
File: pgfcorepatterns.code.tex 2025-08-29 v3.1.11a (3.1.11a)
) (C:\Program Files\MiKTeX\tex/generic/pgf/basiclayer\pgfcorerdf.code.tex
File: pgfcorerdf.code.tex 2025-08-29 v3.1.11a (3.1.11a)
)))
(C:\Program Files\MiKTeX\tex/generic/pgf/modules\pgfmoduleshapes.code.tex
File: pgfmoduleshapes.code.tex 2025-08-29 v3.1.11a (3.1.11a)
\pgfnodeparttextbox=\box61
)
(C:\Program Files\MiKTeX\tex/generic/pgf/modules\pgfmoduleplot.code.tex
File: pgfmoduleplot.code.tex 2025-08-29 v3.1.11a (3.1.11a)
)
(C:\Program Files\MiKTeX\tex/latex/pgf/compatibility\pgfcomp-version-0-65.sty
Package: pgfcomp-version-0-65 2025-08-29 v3.1.11a (3.1.11a)
\pgf@nodesepstart=\dimen268
\pgf@nodesepend=\dimen269
)
(C:\Program Files\MiKTeX\tex/latex/pgf/compatibility\pgfcomp-version-1-18.sty
Package: pgfcomp-version-1-18 2025-08-29 v3.1.11a (3.1.11a)
)) (C:\Program Files\MiKTeX\tex/latex/pgf/utilities\pgffor.sty
(C:\Program Files\MiKTeX\tex/latex/pgf/utilities\pgfkeys.sty
(C:\Program Files\MiKTeX\tex/generic/pgf/utilities\pgfkeys.code.tex))
(C:\Program Files\MiKTeX\tex/latex/pgf/math\pgfmath.sty
(C:\Program Files\MiKTeX\tex/generic/pgf/math\pgfmath.code.tex))
(C:\Program Files\MiKTeX\tex/generic/pgf/utilities\pgffor.code.tex
Package: pgffor 2025-08-29 v3.1.11a (3.1.11a)
\pgffor@iter=\dimen270
\pgffor@skip=\dimen271
\pgffor@stack=\toks36
\pgffor@toks=\toks37
))
(C:\Program Files\MiKTeX\tex/generic/pgf/frontendlayer/tikz\tikz.code.tex
Package: tikz 2025-08-29 v3.1.11a (3.1.11a)

(C:\Program Files\MiKTeX\tex/generic/pgf/libraries\pgflibraryplothandlers.code.
tex
File: pgflibraryplothandlers.code.tex 2025-08-29 v3.1.11a (3.1.11a)
\pgf@plot@mark@count=\count311
\pgfplotmarksize=\dimen272
)
\tikz@lastx=\dimen273
\tikz@lasty=\dimen274
\tikz@lastxsaved=\dimen275
\tikz@lastysaved=\dimen276
\tikz@lastmovetox=\dimen277
\tikz@lastmovetoy=\dimen278
\tikzleveldistance=\dimen279
\tikzsiblingdistance=\dimen280
\tikz@figbox=\box62
\tikz@figbox@bg=\box63
\tikz@tempbox=\box64
\tikz@tempbox@bg=\box65
\tikztreelevel=\count312
\tikznumberofchildren=\count313
\tikznumberofcurrentchild=\count314
\tikz@fig@count=\count315
 (C:\Program Files\MiKTeX\tex/generic/pgf/modules\pgfmodulematrix.code.tex
File: pgfmodulematrix.code.tex 2025-08-29 v3.1.11a (3.1.11a)
\pgfmatrixcurrentrow=\count316
\pgfmatrixcurrentcolumn=\count317
\pgf@matrix@numberofcolumns=\count318
)
\tikz@expandcount=\count319

(C:\Program Files\MiKTeX\tex/generic/pgf/frontendlayer/tikz/libraries\tikzlibra
rytopaths.code.tex
File: tikzlibrarytopaths.code.tex 2025-08-29 v3.1.11a (3.1.11a)
))) (C:\Program Files\MiKTeX\tex/latex/pgfgantt\pgfgantt.sty
Package: pgfgantt 2024/06/19 v5.0a Draw Gantt diagrams with TikZ

(C:\Program Files\MiKTeX\tex/generic/pgf/frontendlayer/tikz/libraries\tikzlibra
ryarrows.code.tex
File: tikzlibraryarrows.code.tex 2025-08-29 v3.1.11a (3.1.11a)

(C:\Program Files\MiKTeX\tex/generic/pgf/libraries\pgflibraryarrows.code.tex
File: pgflibraryarrows.code.tex 2025-08-29 v3.1.11a (3.1.11a)
\arrowsize=\dimen281
))
(C:\Program Files\MiKTeX\tex/generic/pgf/frontendlayer/tikz/libraries\tikzlibra
rybackgrounds.code.tex
File: tikzlibrarybackgrounds.code.tex 2025-08-29 v3.1.11a (3.1.11a)
\pgf@layerbox@background=\box66
\pgf@layerboxsaved@background=\box67
)
(C:\Program Files\MiKTeX\tex/generic/pgf/frontendlayer/tikz/libraries\tikzlibra
rycalc.code.tex
File: tikzlibrarycalc.code.tex 2025-08-29 v3.1.11a (3.1.11a)
)
(C:\Program Files\MiKTeX\tex/generic/pgf/frontendlayer/tikz/libraries\tikzlibra
rypatterns.code.tex
File: tikzlibrarypatterns.code.tex 2025-08-29 v3.1.11a (3.1.11a)

(C:\Program Files\MiKTeX\tex/generic/pgf/libraries\pgflibrarypatterns.code.tex
File: pgflibrarypatterns.code.tex 2025-08-29 v3.1.11a (3.1.11a)
))
(C:\Program Files\MiKTeX\tex/generic/pgf/frontendlayer/tikz/libraries\tikzlibra
rypositioning.code.tex
File: tikzlibrarypositioning.code.tex 2025-08-29 v3.1.11a (3.1.11a)
)
(C:\Program Files\MiKTeX\tex/generic/pgf/frontendlayer/tikz/libraries\tikzlibra
ryshapes.geometric.code.tex
File: tikzlibraryshapes.geometric.code.tex 2025-08-29 v3.1.11a (3.1.11a)

(C:\Program Files\MiKTeX\tex/generic/pgf/libraries/shapes\pgflibraryshapes.geom
etric.code.tex
File: pgflibraryshapes.geometric.code.tex 2025-08-29 v3.1.11a (3.1.11a)
))
(C:\Program Files\MiKTeX\tex/latex/pgf/utilities\pgfcalendar.sty
(C:\Program Files\MiKTeX\tex/generic/pgf/utilities\pgfcalendar.code.tex
File: pgfcalendar.code.tex 2025-08-29 v3.1.11a (3.1.11a)
\pgfcalendarcurrentjulian=\count320
\pgf@cal@easter@Y=\count321
\pgf@cal@easter@G=\count322
\pgf@cal@easter@C=\count323
\pgf@cal@easter@X=\count324
\pgf@cal@easter@Z=\count325
\pgf@cal@easter@D=\count326
\pgf@cal@easter@E=\count327
\pgf@cal@easter@N=\count328
\pgf@cal@easter@M=\count329
\pgf@cal@easter@julianday=\count330
))
\gtt@currentline=\count331
\gtt@lasttitleline=\count332
\gtt@currgrid=\count333
\gtt@chartwidth=\count334
\gtt@lasttitleslot=\count335
\gtt@elementid=\count336
\gtt@today@slot=\count337
\gtt@startjulian=\count338
\gtt@endjulian=\count339
\gtt@chartid=\count340
\gtt@vrule@slot=\count341
\gtt@calendar@slots=\count342
\gtt@calendar@weeknumber=\count343
\gtt@calendar@startofweek=\count344
\gtt@left@slot=\count345
\gtt@right@slot=\count346
)
(C:\Program Files\MiKTeX\tex/latex/listings\listings.sty
\lst@mode=\count347
\lst@gtempboxa=\box68
\lst@token=\toks38
\lst@length=\count348
\lst@currlwidth=\dimen282
\lst@column=\count349
\lst@pos=\count350
\lst@lostspace=\dimen283
\lst@width=\dimen284
\lst@newlines=\count351
\lst@lineno=\count352
\lst@maxwidth=\dimen285

(C:\Program Files\MiKTeX\tex/latex/listings\lstpatch.sty
File: lstpatch.sty 2025/11/14 1.11b (Carsten Heinz)
)
(C:\Program Files\MiKTeX\tex/latex/listings\lstmisc.sty
File: lstmisc.sty 2025/11/14 1.11b (Carsten Heinz)
\c@lstnumber=\count353
\lst@skipnumbers=\count354
\lst@framebox=\box69
)
(C:\Program Files\MiKTeX\tex/latex/listings\listings.cfg
File: listings.cfg 2025/11/14 1.11b listings configuration
))
Package: listings 2025/11/14 1.11b (Carsten Heinz)

==> First Aid for listings.sty no longer applied!
    Expected:
        2024/09/23 1.10c (Carsten Heinz)
    but found:
        2025/11/14 1.11b (Carsten Heinz)
    so I'm assuming it got fixed.
(C:\Program Files\MiKTeX\tex/latex/booktabs\booktabs.sty
Package: booktabs 2020/01/12 v1.61803398 Publication quality tables
\heavyrulewidth=\dimen286
\lightrulewidth=\dimen287
\cmidrulewidth=\dimen288
\belowrulesep=\dimen289
\belowbottomsep=\dimen290
\aboverulesep=\dimen291
\abovetopsep=\dimen292
\cmidrulesep=\dimen293
\cmidrulekern=\dimen294
\defaultaddspace=\dimen295
\@cmidla=\count355
\@cmidlb=\count356
\@aboverulesep=\dimen296
\@belowrulesep=\dimen297
\@thisruleclass=\count357
\@lastruleclass=\count358
\@thisrulewidth=\dimen298
)
(C:\Program Files\MiKTeX\tex/latex/tools\longtable.sty
Package: longtable 2025-10-13 v4.24 Multi-page Table package (DPC)
\LTleft=\skip68
\LTright=\skip69
\LTpre=\skip70
\LTpost=\skip71
\LTchunksize=\count359
\LTcapwidth=\dimen299
\LT@head=\box70
\LT@firsthead=\box71
\LT@foot=\box72
\LT@lastfoot=\box73
\LT@gbox=\box74
\LT@cols=\count360
\LT@rows=\count361
\c@LT@tables=\count362
\c@LT@chunks=\count363
\LT@p@ftn=\toks39
)
(C:\Program Files\MiKTeX\tex/latex/multirow\multirow.sty
Package: multirow 2024/11/12 v2.9 Span multiple rows of a table
\multirow@colwidth=\skip72
\multirow@cntb=\count364
\multirow@dima=\skip73
\bigstrutjot=\dimen300
)
(C:\Program Files\MiKTeX\tex/latex/tools\array.sty
Package: array 2025/09/25 v2.6n Tabular extension package (FMi)
\col@sep=\dimen301
\ar@mcellbox=\box75
\extrarowheight=\dimen302
\NC@list=\toks40
\extratabsurround=\skip74
\backup@length=\skip75
\ar@cellbox=\box76
)
(C:\Program Files\MiKTeX\tex/latex/tools\tabularx.sty
Package: tabularx 2023/12/11 v2.12a `tabularx' package (DPC)
\TX@col@width=\dimen303
\TX@old@table=\dimen304
\TX@old@col=\dimen305
\TX@target=\dimen306
\TX@delta=\dimen307
\TX@cols=\count365
\TX@ftn=\toks41
)
(C:\Program Files\MiKTeX\tex/latex/grffile\grffile.sty
Package: grffile 2019/11/11 v2.1 Extended file name support for graphics (legac
y)
Package grffile Info: This package is an empty stub for compatibility on input 
line 40.
)
(C:\Program Files\MiKTeX\tex/latex/float\float.sty
Package: float 2001/11/08 v1.3d Float enhancements (AL)
\c@float@type=\count366
\float@exts=\toks42
\float@box=\box77
\@float@everytoks=\toks43
\@floatcapt=\box78
)
(C:\Program Files\MiKTeX\tex/latex/caption\caption.sty
Package: caption 2023/08/05 v3.6o Customizing captions (AR)

(C:\Program Files\MiKTeX\tex/latex/caption\caption3.sty
Package: caption3 2023/07/31 v2.4d caption3 kernel (AR)
\caption@tempdima=\dimen308
\captionmargin=\dimen309
\caption@leftmargin=\dimen310
\caption@rightmargin=\dimen311
\caption@width=\dimen312
\caption@indent=\dimen313
\caption@parindent=\dimen314
\caption@hangindent=\dimen315
Package caption Info: Standard document class detected.
Package caption Info: french babel package is loaded.
)
\c@caption@flags=\count367
\c@continuedfloat=\count368
Package caption Info: float package is loaded.
Package caption Info: listings package is loaded.
Package caption Info: longtable package is loaded.

(C:\Program Files\MiKTeX\tex/latex/caption\ltcaption.sty
Package: ltcaption 2021/01/08 v1.4c longtable captions (AR)
))
(C:\Program Files\MiKTeX\tex/latex/caption\subcaption.sty
Package: subcaption 2023/07/28 v1.6b Sub-captions (AR)
Package caption Info: New subtype `subfigure' on input line 238.
\c@subfigure=\count369
Package caption Info: New subtype `subtable' on input line 238.
\c@subtable=\count370
)
(C:\Program Files\MiKTeX\tex/latex/hyperref\hyperref.sty
Package: hyperref 2025-07-12 v7.01o Hypertext links for LaTeX

(C:\Program Files\MiKTeX\tex/latex/kvsetkeys\kvsetkeys.sty
Package: kvsetkeys 2022-10-05 v1.19 Key value parser (HO)
)
(C:\Program Files\MiKTeX\tex/generic/kvdefinekeys\kvdefinekeys.sty
Package: kvdefinekeys 2019-12-19 v1.6 Define keys (HO)
)
(C:\Program Files\MiKTeX\tex/generic/pdfescape\pdfescape.sty
Package: pdfescape 2019/12/09 v1.15 Implements pdfTeX's escape features (HO)

(C:\Program Files\MiKTeX\tex/generic/ltxcmds\ltxcmds.sty
Package: ltxcmds 2023-12-04 v1.26 LaTeX kernel commands for general use (HO)
)
(C:\Program Files\MiKTeX\tex/generic/pdftexcmds\pdftexcmds.sty
Package: pdftexcmds 2020-06-27 v0.33 Utility functions of pdfTeX for LuaTeX (HO
)

(C:\Program Files\MiKTeX\tex/generic/infwarerr\infwarerr.sty
Package: infwarerr 2019/12/03 v1.5 Providing info/warning/error messages (HO)
)
Package pdftexcmds Info: \pdf@primitive is available.
Package pdftexcmds Info: \pdf@ifprimitive is available.
Package pdftexcmds Info: \pdfdraftmode found.
))
(C:\Program Files\MiKTeX\tex/latex/hycolor\hycolor.sty
Package: hycolor 2020-01-27 v1.10 Color options for hyperref/bookmark (HO)
)
(C:\Program Files\MiKTeX\tex/latex/hyperref\nameref.sty
Package: nameref 2025-06-21 v2.57 Cross-referencing by name of section

(C:\Program Files\MiKTeX\tex/latex/refcount\refcount.sty
Package: refcount 2019/12/15 v3.6 Data extraction from label references (HO)
)
(C:\Program Files\MiKTeX\tex/generic/gettitlestring\gettitlestring.sty
Package: gettitlestring 2019/12/15 v1.6 Cleanup title references (HO)

(C:\Program Files\MiKTeX\tex/latex/kvoptions\kvoptions.sty
Package: kvoptions 2022-06-15 v3.15 Key value format for package options (HO)
))
\c@section@level=\count371
)
(C:\Program Files\MiKTeX\tex/generic/stringenc\stringenc.sty
Package: stringenc 2019/11/29 v1.12 Convert strings between diff. encodings (HO
)
)
\@linkdim=\dimen316
\Hy@linkcounter=\count372
\Hy@pagecounter=\count373

(C:\Program Files\MiKTeX\tex/latex/hyperref\pd1enc.def
File: pd1enc.def 2025-07-12 v7.01o Hyperref: PDFDocEncoding definition (HO)
Now handling font encoding PD1 ...
... no UTF-8 mapping file for font encoding PD1
)
(C:\Program Files\MiKTeX\tex/generic/intcalc\intcalc.sty
Package: intcalc 2019/12/15 v1.3 Expandable calculations with integers (HO)
)
\Hy@SavedSpaceFactor=\count374

(C:\Program Files\MiKTeX\tex/latex/hyperref\puenc.def
File: puenc.def 2025-07-12 v7.01o Hyperref: PDF Unicode definition (HO)
Now handling font encoding PU ...
... no UTF-8 mapping file for font encoding PU
)
Package hyperref Info: Option `colorlinks' set `true' on input line 4066.
Package hyperref Info: Hyper figures OFF on input line 4195.
Package hyperref Info: Link nesting OFF on input line 4200.
Package hyperref Info: Hyper index ON on input line 4203.
Package hyperref Info: Plain pages OFF on input line 4210.
Package hyperref Info: Backreferencing OFF on input line 4215.
Package hyperref Info: Implicit mode ON; LaTeX internals redefined.
Package hyperref Info: Bookmarks ON on input line 4462.
\c@Hy@tempcnt=\count375

(C:\Program Files\MiKTeX\tex/latex/url\url.sty
\Urlmuskip=\muskip17
Package: url 2013/09/16  ver 3.4  Verb mode for urls, etc.
)
LaTeX Info: Redefining \url on input line 4801.
\XeTeXLinkMargin=\dimen317

(C:\Program Files\MiKTeX\tex/generic/bitset\bitset.sty
Package: bitset 2019/12/09 v1.3 Handle bit-vector datatype (HO)

(C:\Program Files\MiKTeX\tex/generic/bigintcalc\bigintcalc.sty
Package: bigintcalc 2019/12/15 v1.5 Expandable calculations on big integers (HO
)
))
\Fld@menulength=\count376
\Field@Width=\dimen318
\Fld@charsize=\dimen319
Package hyperref Info: Hyper figures OFF on input line 6078.
Package hyperref Info: Link nesting OFF on input line 6083.
Package hyperref Info: Hyper index ON on input line 6086.
Package hyperref Info: backreferencing OFF on input line 6093.
Package hyperref Info: Link coloring ON on input line 6096.
Package hyperref Info: Link coloring with OCG OFF on input line 6103.
Package hyperref Info: PDF/A mode OFF on input line 6108.
\Hy@abspage=\count377
\c@Item=\count378
\c@Hfootnote=\count379
)
Package hyperref Info: Driver (autodetected): hpdftex.

(C:\Program Files\MiKTeX\tex/latex/hyperref\hpdftex.def
File: hpdftex.def 2025-07-12 v7.01o Hyperref driver for pdfTeX
\Fld@listcount=\count380
\c@bookmark@seq@number=\count381

(C:\Program Files\MiKTeX\tex/latex/rerunfilecheck\rerunfilecheck.sty
Package: rerunfilecheck 2025-06-21 v1.11 Rerun checks for auxiliary files (HO)

(C:\Program Files\MiKTeX\tex/generic/uniquecounter\uniquecounter.sty
Package: uniquecounter 2019/12/15 v1.4 Provide unlimited unique counter (HO)
)
Package uniquecounter Info: New unique counter `rerunfilecheck' on input line 2
84.
)
\Hy@SectionHShift=\skip76
)
(C:\Program Files\MiKTeX\tex/latex/glossaries/base\glossaries.sty
Package: glossaries 2026/04/21 v5.1 (NLCT)

(C:\Program Files\MiKTeX\tex/latex/base\ifthen.sty
Package: ifthen 2024/03/16 v1.1e Standard LaTeX ifthen package (DPC)
)
(C:\Program Files\MiKTeX\tex/latex/xkeyval\xkeyval.sty
Package: xkeyval 2022/06/16 v2.9 package option processing (HA)

(C:\Program Files\MiKTeX\tex/generic/xkeyval\xkeyval.tex
(C:\Program Files\MiKTeX\tex/generic/xkeyval\xkvutils.tex
\XKV@toks=\toks44
\XKV@tempa@toks=\toks45
)
\XKV@depth=\count382
File: xkeyval.tex 2014/12/03 v2.7a key=value parser (HA)
))
(C:\Program Files\MiKTeX\tex/latex/mfirstuc\mfirstuc.sty
Package: mfirstuc 2025/04/03 v2.09 (NLCT)
\@glsmfirst=\toks46
\@glsmrest=\toks47
)
(C:\Program Files\MiKTeX\tex/latex/xfor\xfor.sty
Package: xfor 2009/02/05 v1.05 (NLCT)
)
(C:\Program Files\MiKTeX\tex/latex/amsmath\amsgen.sty
File: amsgen.sty 1999/11/30 v2.0 generic functions
\@emptytoks=\toks48
\ex@=\dimen320
)
(C:\Program Files\MiKTeX\tex/latex/tracklang\tracklang.sty
Package: tracklang 2025/03/11 v1.6.6 (NLCT) Track Languages

(C:\Program Files\MiKTeX\tex/generic/tracklang\tracklang.tex)
Package tracklang Info: Tracking dialect `french' (language `french') on input 
line 264.
Package tracklang Info: Tracking dialect `french' (language `french') on input 
line 264.
)
(C:\Program Files\MiKTeX\tex/latex/translator\translator.sty
Package: translator 2021-05-31 v1.12d Easy translation of strings in LaTeX
LaTeX Info: Redefining \translate on input line 184.
)
(C:\Program Files\MiKTeX\tex/latex/glossaries-french\glossaries-french.ldf
File: glossaries-french.ldf 2016/12/12 v1.1
)
(C:\Program Files\MiKTeX\tex/latex/datatool\datatool-base.sty
Package: datatool-base 2025/12/04 v3.4.3 (NLCT)

(C:\Program Files\MiKTeX\tex/latex/amsmath\amsmath.sty
Package: amsmath 2025/07/09 v2.17z AMS math features
\@mathmargin=\skip77

For additional information on amsmath, use the `?' option.
(C:\Program Files\MiKTeX\tex/latex/amsmath\amstext.sty
Package: amstext 2024/11/17 v2.01 AMS text
)
(C:\Program Files\MiKTeX\tex/latex/amsmath\amsbsy.sty
Package: amsbsy 1999/11/29 v1.2d Bold Symbols
\pmbraise@=\dimen321
)
(C:\Program Files\MiKTeX\tex/latex/amsmath\amsopn.sty
Package: amsopn 2022/04/08 v2.04 operator names
)
\inf@bad=\count383
LaTeX Info: Redefining \frac on input line 233.
\uproot@=\count384
\leftroot@=\count385
LaTeX Info: Redefining \overline on input line 398.
LaTeX Info: Redefining \colon on input line 409.
\classnum@=\count386
\DOTSCASE@=\count387
LaTeX Info: Redefining \ldots on input line 495.
LaTeX Info: Redefining \dots on input line 498.
LaTeX Info: Redefining \cdots on input line 619.
\Mathstrutbox@=\box79
\strutbox@=\box80
LaTeX Info: Redefining \big on input line 721.
LaTeX Info: Redefining \Big on input line 722.
LaTeX Info: Redefining \bigg on input line 723.
LaTeX Info: Redefining \Bigg on input line 724.
\big@size=\dimen322
LaTeX Font Info:    Redeclaring font encoding OML on input line 742.
LaTeX Font Info:    Redeclaring font encoding OMS on input line 743.
\macc@depth=\count388
LaTeX Info: Redefining \bmod on input line 904.
LaTeX Info: Redefining \pmod on input line 909.
LaTeX Info: Redefining \smash on input line 939.
LaTeX Info: Redefining \relbar on input line 969.
LaTeX Info: Redefining \Relbar on input line 970.
\c@MaxMatrixCols=\count389
\dotsspace@=\muskip18
\c@parentequation=\count390
\dspbrk@lvl=\count391
\tag@help=\toks49
\row@=\count392
\column@=\count393
\maxfields@=\count394
\andhelp@=\toks50
\eqnshift@=\dimen323
\alignsep@=\dimen324
\tagshift@=\dimen325
\tagwidth@=\dimen326
\totwidth@=\dimen327
\lineht@=\dimen328
\@envbody=\toks51
\multlinegap=\skip78
\multlinetaggap=\skip79
\mathdisplay@stack=\toks52
LaTeX Info: Redefining \[ on input line 2950.
LaTeX Info: Redefining \] on input line 2951.
)
\l__datatool_tmpa_int=\count395
\l__datatool_tmpb_int=\count396
\l__datatool_tmpc_int=\count397
\l__datatool_tmpd_int=\count398
\l__datatool_count_int=\count399
\l__datatool_tmp_datatype_int=\count400
\l__datatool_tmpa_dim=\dimen329
\l__datatool_tmpb_dim=\dimen330

(C:\Program Files\MiKTeX\tex/latex/datatool\datatool-l3fp.def
File: datatool-l3fp.def 2025/12/04 v3.4.3 (NLCT)
)
\@dtl@toks=\toks53
\@dtl@tmpcount=\count401
\dtl@tmplength=\skip80
\l__datatool_measure_box=\box81
\dtl@sortresult=\count402

(C:\Program Files\MiKTeX\tex/latex/datatool\datatool-utf8.ldf
File: datatool-utf8.ldf 2025/12/04 v3.4.3 (NLCT)
)
\@dtl@datatype=\count403
\c_datatool_unknown_int=\count404
\l__datatool_year_int=\count405
\l__datatool_month_int=\count406
\l__datatool_day_int=\count407
\l__datatool_hour_int=\count408
\l__datatool_minute_int=\count409
\l__datatool_second_int=\count410
\l__datatool_tzhour_int=\count411
\l__datatool_tzminute_int=\count412
\l__datatool_julian_int=\count413
\l__datatool_local_julian_int=\count414
\l__datatool_prefix_int=\count415
\l__datatool_suffix_int=\count416
\@dtl@foreach@level=\count417


Package tracklang Warning: No `datatool' support for dialect `french'  on input
 line 9924.

\dtl@codeA=\count418
\dtl@codeB=\count419
)
\gls@level=\count420
\@gls@tmpb=\toks54
\gls@tmplen=\skip81
\l__glossaries_tmpa_dim=\dimen331
\l__glossaries_tmpb_dim=\dimen332
\glskeylisttok=\toks55
\glslabeltok=\toks56
\glsshorttok=\toks57
\glslongtok=\toks58
 (C:\Program Files\MiKTeX\tex/latex/glossaries/styles\glossary-hypernav.sty
Package: glossary-hypernav 2026/04/21 v5.1 (NLCT)
)
(C:\Program Files\MiKTeX\tex/latex/glossaries/styles\glossary-list.sty
Package: glossary-list 2026/04/21 v5.1 (NLCT)
\glslistdottedwidth=\skip82
)
(C:\Program Files\MiKTeX\tex/latex/glossaries/styles\glossary-long.sty
Package: glossary-long 2026/04/21 v5.1 (NLCT)
\glsdescwidth=\skip83
\glspagelistwidth=\skip84
)
(C:\Program Files\MiKTeX\tex/latex/glossaries/styles\glossary-super.sty
Package: glossary-super 2026/04/21 v5.1 (NLCT)

(C:\Program Files\MiKTeX\tex/latex/supertabular\supertabular.sty
Package: supertabular 2025/06/26 v4.2d the supertabular environment
\c@tracingst=\count421
\ST@wd=\dimen333
\ST@rightskip=\skip85
\ST@leftskip=\skip86
\ST@parfillskip=\skip87
\ST@pageleft=\dimen334
\ST@headht=\dimen335
\ST@tailht=\dimen336
\ST@pagesofar=\dimen337
\ST@pboxht=\dimen338
\ST@rowht=\dimen339
\ST@prevht=\dimen340
\ST@toadd=\dimen341
\ST@dimen=\dimen342
\ST@pbox=\box82
))
(C:\Program Files\MiKTeX\tex/latex/glossaries/styles\glossary-tree.sty
Package: glossary-tree 2026/04/21 v5.1 (NLCT)
\l__glossaries_tree_max_known_level_int=\count422
\l__glossaries_tree_offset_dim=\dimen343
\l__glossaries_tree_namewidth_dim=\dimen344
\l__glossaries_tree_symbolwidth_dim=\dimen345
\l__glossaries_tree_prenamesym_width_dim=\dimen346
\l__glossaries_tree_presubnamesym_width_dim=\dimen347
\l__glossaries_tree_namewidth_padding_dim=\dimen348
\l__glossaries_tree_symbolwidth_padding_dim=\dimen349
\l__glossaries_tree_namesymbolwidth_dim=\dimen350
\l__glossaries_tree_namesymbolwidth_padding_dim=\dimen351
\l__glossaries_tree_level_int=\count423
\glstreeindent=\skip88
))
(config/acronymes.tex)
\glswrite=\write4
\glo@main@file=\write5
\openout5 = `main.glo'.

Package glossaries Info: Writing glossary file main.glo on input line 198.
\glo@acronym@file=\write6
\openout6 = `main.acn'.

Package glossaries Info: Writing glossary file main.acn on input line 198.

(C:\Program Files\MiKTeX\tex/latex/tcolorbox\tcolorbox.sty
Package: tcolorbox 2025/11/28 version 6.9.0 text color boxes

(C:\Program Files\MiKTeX\tex/latex/tools\verbatim.sty
Package: verbatim 2024-01-22 v1.5x LaTeX2e package for verbatim enhancements
\every@verbatim=\toks59
\verbatim@line=\toks60
\verbatim@in@stream=\read4
)
(C:\Program Files\MiKTeX\tex/latex/environ\environ.sty
Package: environ 2014/05/04 v0.3 A new way to define environments

(C:\Program Files\MiKTeX\tex/latex/trimspaces\trimspaces.sty
Package: trimspaces 2009/09/17 v1.1 Trim spaces around a token list
))
\tcb@titlebox=\box83
\tcb@upperbox=\box84
\tcb@lowerbox=\box85
\tcb@phantombox=\box86
\c@tcbbreakpart=\count424
\c@tcblayer=\count425
\c@tcolorbox@number=\count426
\l__tcobox_tmpa_box=\box87
\l__tcobox_tmpa_dim=\dimen352
\tcb@temp=\box88
\tcb@temp=\box89
\tcb@temp=\box90
\tcb@temp=\box91
)
(C:\Program Files\MiKTeX\tex/latex/tcolorbox\tcbskins.code.tex
Library (tcolorbox): 'tcbskins.code.tex' version '6.9.0'
(C:\Program Files\MiKTeX\tex/latex/tikzfill\tikzfill.image.sty
Package: tikzfill.image 2026/04/23 v1.2.0 Image filling library for TikZ

(C:\Program Files\MiKTeX\tex/latex/tikzfill\tikzlibraryfill.image.code.tex
File: tikzlibraryfill.image.code.tex 2026/04/23 v1.2.0 Image filling library
\l__tikzfill_tmpa_dim=\dimen353
\l__tikzfill_tmpb_dim=\dimen354
\l__tikzfill_img_box=\box92
))
(C:\Program Files\MiKTeX\tex/latex/tcolorbox\tcbskinsjigsaw.code.tex
Library (tcolorbox): 'tcbskinsjigsaw.code.tex' version '6.9.0'
)) (C:\Program Files\MiKTeX\tex/latex/tcolorbox\tcbbreakable.code.tex
Library (tcolorbox): 'tcbbreakable.code.tex' version '6.9.0'
(C:\Program Files\MiKTeX\tex/latex/pdfcol\pdfcol.sty
Package: pdfcol 2022-09-21 v1.7 Handle new color stacks for pdfTeX (HO)
)
Package pdfcol Info: New color stack `tcb@breakable' = 1 on input line 23.
\tcb@testbox=\box93
\tcb@totalupperbox=\box94
\tcb@totallowerbox=\box95
)
(C:\Program Files\MiKTeX\tex/latex/enumitem\enumitem.sty
Package: enumitem 2025/02/06 v3.11 Customized lists
\labelindent=\skip89
\enit@outerparindent=\dimen355
\enit@toks=\toks61
\enit@inbox=\box96
\enit@count@id=\count427
\enitdp@description=\count428
)
Package french3.ldf Info: Setting StandardItemizeEnv=true for
(french3.ldf)             compatibility with enumitem package,
(french3.ldf)             reported on input line 237.
Package french3.ldf Info: Setting StandardEnumerateEnv=true for
(french3.ldf)             compatibility with enumitem package,
(french3.ldf)             reported on input line 237.
LaTeX Font Info:    Trying to load font information for T1+ptm on input line 23
7.

(C:\Program Files\MiKTeX\tex/latex/psnfss\t1ptm.fd
File: t1ptm.fd 2001/06/04 font definitions for T1/ptm.
)
(C:\Program Files\MiKTeX\tex/latex/l3backend\l3backend-pdftex.def
File: l3backend-pdftex.def 2025-10-09 L3 backend support: PDF output (pdfTeX)
\l__color_backend_stack_int=\count429
) (main.aux
Package babel Info: 'french' activates 'french' shorthands.
(babel)             Reported on input line 20.
)
\openout1 = `main.aux'.

LaTeX Font Info:    Checking defaults for OML/cmm/m/it on input line 237.
LaTeX Font Info:    ... okay on input line 237.
LaTeX Font Info:    Checking defaults for OMS/cmsy/m/n on input line 237.
LaTeX Font Info:    ... okay on input line 237.
LaTeX Font Info:    Checking defaults for OT1/cmr/m/n on input line 237.
LaTeX Font Info:    ... okay on input line 237.
LaTeX Font Info:    Checking defaults for T1/cmr/m/n on input line 237.
LaTeX Font Info:    ... okay on input line 237.
LaTeX Font Info:    Checking defaults for TS1/cmr/m/n on input line 237.
LaTeX Font Info:    ... okay on input line 237.
LaTeX Font Info:    Checking defaults for OMX/cmex/m/n on input line 237.
LaTeX Font Info:    ... okay on input line 237.
LaTeX Font Info:    Checking defaults for U/cmr/m/n on input line 237.
LaTeX Font Info:    ... okay on input line 237.
LaTeX Font Info:    Checking defaults for PD1/pdf/m/n on input line 237.
LaTeX Font Info:    ... okay on input line 237.
LaTeX Font Info:    Checking defaults for PU/pdf/m/n on input line 237.
LaTeX Font Info:    ... okay on input line 237.
LaTeX Info: Redefining \degres on input line 237.

*geometry* driver: auto-detecting
*geometry* detected driver: pdftex
*geometry* verbose mode - [ preamble ] result:
* driver: pdftex
* paper: a4paper
* layout: <same size as paper>
* layoutoffset:(h,v)=(0.0pt,0.0pt)
* modes: 
* h-part:(L,W,R)=(85.35826pt, 441.01773pt, 71.13188pt)
* v-part:(T,H,B)=(71.13188pt, 702.78308pt, 71.13188pt)
* \paperwidth=597.50787pt
* \paperheight=845.04684pt
* \textwidth=441.01773pt
* \textheight=702.78308pt
* \oddsidemargin=13.08827pt
* \evensidemargin=13.08827pt
* \topmargin=-38.1381pt
* \headheight=13.6pt
* \headsep=25.0pt
* \topskip=12.0pt
* \footskip=30.0pt
* \marginparwidth=35.0pt
* \marginparsep=10.0pt
* \columnsep=10.0pt
* \skip\footins=10.8pt plus 4.0pt minus 2.0pt
* \hoffset=0.0pt
* \voffset=0.0pt
* \mag=1000
* \@twocolumnfalse
* \@twosidefalse
* \@mparswitchfalse
* \@reversemarginfalse
* (1in=72.27pt=25.4mm, 1cm=28.453pt)

LaTeX Info: Redefining \microtypecontext on input line 237.
Package microtype Info: Applying patch `item' on input line 237.
Package microtype Info: Applying patch `toc' on input line 237.
Package microtype Info: Applying patch `eqnum' on input line 237.
Package microtype Info: Applying patch `footnote' on input line 237.
Package microtype Info: Applying patch `verbatim' on input line 237.
LaTeX Info: Redefining \microtypesetup on input line 237.
Package microtype Info: Generating PDF output.
Package microtype Info: Character protrusion enabled (level 2).
Package microtype Info: Using default protrusion set `alltext'.
Package microtype Info: Automatic font expansion enabled (level 2),
(microtype)             stretch: 20, shrink: 20, step: 1, non-selected.
Package microtype Info: Using default expansion set `alltext-nott'.
Package microtype Info: Patching command `\showhyphens'.
Package microtype Info: No adjustment of tracking.
Package microtype Info: No adjustment of interword spacing.
Package microtype Info: No adjustment of character kerning.
(C:\Program Files\MiKTeX\tex/latex/microtype\mt-ptm.cfg
File: mt-ptm.cfg 2006/04/20 v1.7 microtype config. file: Times (RS)
)
(C:\Program Files\MiKTeX\tex/context/base/mkii\supp-pdf.mkii
[Loading MPS to PDF converter (version 2006.09.02).]
\scratchcounter=\count430
\scratchdimen=\dimen356
\scratchbox=\box97
\nofMPsegments=\count431
\nofMParguments=\count432
\everyMPshowfont=\toks62
\MPscratchCnt=\count433
\MPscratchDim=\dimen357
\MPnumerator=\count434
\makeMPintoPDFobject=\count435
\everyMPtoPDFconversion=\toks63
) (C:\Program Files\MiKTeX\tex/latex/epstopdf-pkg\epstopdf-base.sty
Package: epstopdf-base 2020-01-24 v2.11 Base part for package epstopdf
Package epstopdf-base Info: Redefining graphics rule for `.eps' on input line 4
85.

(C:\Program Files\MiKTeX\tex/latex/00miktex\epstopdf-sys.cfg
File: epstopdf-sys.cfg 2021/03/18 v2.0 Configuration of epstopdf for MiKTeX
))
\c@lstlisting=\count436
Package caption Info: Begin \AtBeginDocument code.
Package caption Info: hyperref package is loaded.
Package caption Info: supertabular package is loaded.
Package caption Info: End \AtBeginDocument code.
Package hyperref Info: Link coloring ON on input line 237.
 (main.out)
(main.out)
\@outlinefile=\write7
\openout7 = `main.out'.

 (config/page_garde.tex
*geometry* verbose mode - [ newgeometry ] result:
* driver: pdftex
* paper: a4paper
* layout: <same size as paper>
* layoutoffset:(h,v)=(0.0pt,0.0pt)
* modes: 
* h-part:(L,W,R)=(56.9055pt, 483.69687pt, 56.9055pt)
* v-part:(T,H,B)=(42.67912pt, 759.6886pt, 42.67912pt)
* \paperwidth=597.50787pt
* \paperheight=845.04684pt
* \textwidth=483.69687pt
* \textheight=759.6886pt
* \oddsidemargin=-15.36449pt
* \evensidemargin=-15.36449pt
* \topmargin=-68.19087pt
* \headheight=13.6pt
* \headsep=25.0pt
* \topskip=12.0pt
* \footskip=30.0pt
* \marginparwidth=35.0pt
* \marginparsep=10.0pt
* \columnsep=10.0pt
* \skip\footins=10.8pt plus 4.0pt minus 2.0pt
* \hoffset=0.0pt
* \voffset=0.0pt
* \mag=1000
* \@twocolumnfalse
* \@twosidefalse
* \@mparswitchfalse
* \@reversemarginfalse
* (1in=72.27pt=25.4mm, 1cm=28.453pt)

LaTeX Font Info:    Trying to load font information for OT1+ztmcm on input line
 11.

(C:\Program Files\MiKTeX\tex/latex/psnfss\ot1ztmcm.fd
File: ot1ztmcm.fd 2000/01/03 Fontinst v1.801 font definitions for OT1/ztmcm.
)
Package microtype Info: Loading generic protrusion settings for font family
(microtype)             `ztmcm' (encoding: OT1).
(microtype)             For optimal results, create family-specific settings.
(microtype)             See the microtype manual for details.
LaTeX Font Info:    Trying to load font information for OML+ztmcm on input line
 11.

(C:\Program Files\MiKTeX\tex/latex/psnfss\omlztmcm.fd
File: omlztmcm.fd 2000/01/03 Fontinst v1.801 font definitions for OML/ztmcm.
)
LaTeX Font Info:    Trying to load font information for OMS+ztmcm on input line
 11.

(C:\Program Files\MiKTeX\tex/latex/psnfss\omsztmcm.fd
File: omsztmcm.fd 2000/01/03 Fontinst v1.801 font definitions for OMS/ztmcm.
)
LaTeX Font Info:    Trying to load font information for OMX+ztmcm on input line
 11.

(C:\Program Files\MiKTeX\tex/latex/psnfss\omxztmcm.fd
File: omxztmcm.fd 2000/01/03 Fontinst v1.801 font definitions for OMX/ztmcm.
)
LaTeX Font Info:    Trying to load font information for OT1+ptm on input line 1
1.

(C:\Program Files\MiKTeX\tex/latex/psnfss\ot1ptm.fd
File: ot1ptm.fd 2001/06/04 font definitions for OT1/ptm.
)
LaTeX Font Info:    Font shape `OT1/ptm/bx/n' in size <12> not available
(Font)              Font shape `OT1/ptm/b/n' tried instead on input line 11.
LaTeX Font Info:    Font shape `OT1/ptm/bx/n' in size <9> not available
(Font)              Font shape `OT1/ptm/b/n' tried instead on input line 11.
LaTeX Font Info:    Font shape `OT1/ptm/bx/n' in size <7> not available
(Font)              Font shape `OT1/ptm/b/n' tried instead on input line 11.
Package microtype Info: Loading generic protrusion settings for font family
(microtype)             `cmtt' (encoding: T1).
(microtype)             For optimal results, create family-specific settings.
(microtype)             See the microtype manual for details.
LaTeX Font Info:    Font shape `OT1/ptm/bx/n' in size <10.95> not available
(Font)              Font shape `OT1/ptm/b/n' tried instead on input line 21.
LaTeX Font Info:    Font shape `OT1/ptm/bx/n' in size <8> not available
(Font)              Font shape `OT1/ptm/b/n' tried instead on input line 21.
LaTeX Font Info:    Font shape `OT1/ptm/bx/n' in size <6> not available
(Font)              Font shape `OT1/ptm/b/n' tried instead on input line 21.
 [1

\openout4 = `main.ist'.


{C:/Users/ademh/AppData/Local/MiKTeX/fonts/map/pdftex/pdftex.map}{C:/Program Fi
les/MiKTeX/fonts/enc/dvips/base/8r.enc}]) (config/dedicace.tex)
Package babel Info: 'french' activates 'french' shorthands.
(babel)             Reported on input line 253.

pdfTeX warning (ext4): destination with the same identifier (name{page.i}) has 
been already used, duplicate ignored
<to be read again> 
                   \relax 
l.253 \clearpage
                 [1



] (config/remerciements.tex) [2


] (main.toc [3


] [4] [5])
\tf@toc=\write8
\openout8 = `main.toc'.


[6] (main.lof [7


])
\tf@lof=\write9
\openout9 = `main.lof'.

 [8] (main.lot)
\tf@lot=\write10
\openout10 = `main.lot'.

 [9


]
No file main.acr.
[10

] (chapters/ch0_introduction.tex [1


]) (chapters/ch1_contexte.tex [2]
Chapitre 1.
[3

]
LaTeX Font Info:    Trying to load font information for TS1+ptm on input line 5
0.
 (C:\Program Files\MiKTeX\tex/latex/psnfss\ts1ptm.fd
File: ts1ptm.fd 2001/06/04 font definitions for TS1/ptm.
)
<images/Sagemcom-Logo.png, id=732, 3854.4pt x 2168.1pt>
File: images/Sagemcom-Logo.png Graphic file (type png)
<use images/Sagemcom-Logo.png>
Package pdftex.def Info: images/Sagemcom-Logo.png  used on input line 107.
(pdftex.def)             Requested size: 220.50887pt x 124.02629pt.
 [4] [5 <./images/Sagemcom-Logo.png>]
<images/systeme_existant.png, id=747, 494.44725pt x 249.93375pt>
File: images/systeme_existant.png Graphic file (type png)
<use images/systeme_existant.png>
Package pdftex.def Info: images/systeme_existant.png  used on input line 200.
(pdftex.def)             Requested size: 388.09775pt x 196.17935pt.
 [6] [7 <./images/systeme_existant.png>] [8]
<images/scrum_process.png, id=769, 495.0495pt x 251.13824pt>
File: images/scrum_process.png Graphic file (type png)
<use images/scrum_process.png>
Package pdftex.def Info: images/scrum_process.png  used on input line 348.
(pdftex.def)             Requested size: 388.09775pt x 196.8872pt.
 [9 <./images/scrum_process.png>] [10]) (chapters/ch2_analyse_besoins.tex [11]
Chapitre 2.
[12

] [13]
<images/usecase_diagram.png, id=794, 1806.75pt x 2240.37pt>
File: images/usecase_diagram.png Graphic file (type png)
<use images/usecase_diagram.png>
Package pdftex.def Info: images/usecase_diagram.png  used on input line 125.
(pdftex.def)             Requested size: 441.01773pt x 546.86143pt.
 [14] [15 <./images/usecase_diagram.png>] [16] [17])
(chapters/ch3_conception.tex [18]
Chapitre 3.
<images/architecture_globale_finale.png, id=816, 2569.6pt x 1445.4pt>
File: images/architecture_globale_finale.png Graphic file (type png)
<use images/architecture_globale_finale.png>
Package pdftex.def Info: images/architecture_globale_finale.png  used on input 
line 20.
(pdftex.def)             Requested size: 441.01773pt x 248.05258pt.
<images/architecture N tiers.png, id=817, 2569.6pt x 1445.4pt>
File: images/architecture N tiers.png Graphic file (type png)
<use images/architecture N tiers.png>
Package pdftex.def Info: images/architecture N tiers.png  used on input line 32
.
(pdftex.def)             Requested size: 441.01773pt x 248.05258pt.
[19

 <./images/architecture_globale_finale.png>]
<images/clean architecture.jpg, id=824, 1027.84pt x 642.4pt>
File: images/clean architecture.jpg Graphic file (type jpg)
<use images/clean architecture.jpg>
Package pdftex.def Info: images/clean architecture.jpg  used on input line 46.
(pdftex.def)             Requested size: 330.76329pt x 206.72887pt.
 [20 <./images/architecture N tiers.png> <./images/clean architecture.jpg>]
<images/nodejs.jpg, id=832, 135.50626pt x 135.50626pt>
File: images/nodejs.jpg Graphic file (type jpg)
<use images/nodejs.jpg>
Package pdftex.def Info: images/nodejs.jpg  used on input line 67.
(pdftex.def)             Requested size: 123.48442pt x 123.48868pt.
<images/mongodb.jpg, id=834, 135.50626pt x 135.50626pt>
File: images/mongodb.jpg Graphic file (type jpg)
<use images/mongodb.jpg>
Package pdftex.def Info: images/mongodb.jpg  used on input line 81.
(pdftex.def)             Requested size: 123.48442pt x 123.48868pt.
<images/react loogo.png, id=835, 1146.2825pt x 1030.85126pt>
File: images/react loogo.png Graphic file (type png)
<use images/react loogo.png>
Package pdftex.def Info: images/react loogo.png  used on input line 97.
(pdftex.def)             Requested size: 123.48442pt x 111.03456pt.
 [21 <./images/nodejs.jpg> <./images/mongodb.jpg>]
<images/docker.jpg, id=841, 240.9pt x 135.50626pt>
File: images/docker.jpg Graphic file (type jpg)
<use images/docker.jpg>
Package pdftex.def Info: images/docker.jpg  used on input line 112.
(pdftex.def)             Requested size: 123.48442pt x 69.45876pt.
<images/kubernetes.jpg, id=843, 139.27031pt x 135.50626pt>
File: images/kubernetes.jpg Graphic file (type jpg)
<use images/kubernetes.jpg>
Package pdftex.def Info: images/kubernetes.jpg  used on input line 126.
(pdftex.def)             Requested size: 123.48442pt x 120.14941pt.
<images/helm.jpg, id=844, 135.50626pt x 135.50626pt>
File: images/helm.jpg Graphic file (type jpg)
<use images/helm.jpg>
Package pdftex.def Info: images/helm.jpg  used on input line 140.
(pdftex.def)             Requested size: 97.02443pt x 97.02682pt.
 [22 <./images/react loogo.png> <./images/docker.jpg> <./images/kubernetes.jpg>
]
<images/githubactions.jpg, id=852, 335.75438pt x 135.50626pt>
File: images/githubactions.jpg Graphic file (type jpg)
<use images/githubactions.jpg>
Package pdftex.def Info: images/githubactions.jpg  used on input line 154.
(pdftex.def)             Requested size: 132.30666pt x 53.39722pt.
<images/promtheus logo.png, id=853, 298.716pt x 247.52475pt>
File: images/promtheus logo.png Graphic file (type png)
<use images/promtheus logo.png>
Package pdftex.def Info: images/promtheus logo.png  used on input line 168.
(pdftex.def)             Requested size: 123.48442pt x 102.3205pt.
<images/grafana.jpg, id=854, 180.675pt x 135.50626pt>
File: images/grafana.jpg Graphic file (type jpg)
<use images/grafana.jpg>
Package pdftex.def Info: images/grafana.jpg  used on input line 182.
(pdftex.def)             Requested size: 110.25443pt x 82.69176pt.
 [23 <./images/helm.jpg> <./images/githubactions.jpg> <./images/promtheus logo.
png> <./images/grafana.jpg>]
<images/diagramclass.png, id=860, 1646.15pt x 2208.25pt>
File: images/diagramclass.png Graphic file (type png)
<use images/diagramclass.png>
Package pdftex.def Info: images/diagramclass.png  used on input line 193.
(pdftex.def)             Requested size: 441.01773pt x 591.58554pt.
 [24 <./images/diagramclass.png>]
Overfull \hbox (11.78114pt too wide) in paragraph at lines 325--326
 [][] 
 []

[25] [26] [27] [28] [29]) (chapters/ch4_developpement.tex [30]
Chapitre 4.
[31

] [32] [33]
Overfull \hbox (11.8265pt too wide) in paragraph at lines 144--149
[]\T1/cmtt/m/n/12 testWorker.js \T1/ptm/m/n/12 (-20) s'exé-cute dans un Wor-ker
 Thread isolé et re-çoit ses pa-ra-mčtres via \T1/cmtt/m/n/12 workerData
 []

ignored error: Infinite glue shrinkage found in box being split [34]
ignored error: Infinite glue shrinkage found in box being split [35]
Overfull \hbox (1.9956pt too wide) in paragraph at lines 240--242
[]\T1/ptm/m/n/12 (-20) Génčre un JWT si-gné (al-go-rithme HS256) conte-nant \T1
/cmtt/m/n/12 id\T1/ptm/m/n/12 (-20) , \T1/cmtt/m/n/12 username\T1/ptm/m/n/12 (-
20) , \T1/cmtt/m/n/12 role \T1/ptm/m/n/12 (-20) et \T1/cmtt/m/n/12 permissions 
\T1/ptm/m/n/12 (-20) ; 
 []

<images/screen_dashboard.png, id=971, 1138.85475pt x 522.753pt>
File: images/screen_dashboard.png Graphic file (type png)
<use images/screen_dashboard.png>
Package pdftex.def Info: images/screen_dashboard.png  used on input line 276.
(pdftex.def)             Requested size: 441.01773pt x 202.4291pt.
[36]
Overfull \hbox (0.45076pt too wide) in paragraph at lines 283--287
[]\T1/ptm/m/n/12 (-20) Le com-po-sant \T1/cmtt/m/n/12 Configuration.tsx \T1/ptm
/m/n/12 (-20) im-plé-mente la na-vi-ga-tion hié-rar-chique en on-glets (Postes,

 []

<images/screen_config.png, id=981, 1154.51324pt x 525.76425pt>
File: images/screen_config.png Graphic file (type png)
<use images/screen_config.png>
Package pdftex.def Info: images/screen_config.png  used on input line 297.
(pdftex.def)             Requested size: 441.01773pt x 200.8354pt.
<images/screen_multitest.png, id=982, 1141.866pt x 522.753pt>
File: images/screen_multitest.png Graphic file (type png)
<use images/screen_multitest.png>
Package pdftex.def Info: images/screen_multitest.png  used on input line 311.
(pdftex.def)             Requested size: 441.01773pt x 201.90263pt.
[37 <./images/screen_dashboard.png> <./images/screen_config.png>]
<images/screen_login.png, id=989, 1154.51324pt x 525.76425pt>
File: images/screen_login.png Graphic file (type png)
<use images/screen_login.png>
Package pdftex.def Info: images/screen_login.png  used on input line 322.
(pdftex.def)             Requested size: 330.76329pt x 150.63057pt.
<images/screen_admin.png, id=990, 1154.51324pt x 522.753pt>
File: images/screen_admin.png Graphic file (type png)
<use images/screen_admin.png>
Package pdftex.def Info: images/screen_admin.png  used on input line 329.
(pdftex.def)             Requested size: 441.01773pt x 199.68515pt.
<images/screen_commands.png, id=991, 1152.7065pt x 523.35526pt>
File: images/screen_commands.png Graphic file (type png)
<use images/screen_commands.png>
Package pdftex.def Info: images/screen_commands.png  used on input line 336.
(pdftex.def)             Requested size: 441.01773pt x 200.23463pt.
 [38 <./images/screen_multitest.png> <./images/screen_login.png> <./images/scre
en_admin.png>]
<images/screen_reports.png, id=1000, 1153.911pt x 522.753pt>
File: images/screen_reports.png Graphic file (type png)
<use images/screen_reports.png>
Package pdftex.def Info: images/screen_reports.png  used on input line 343.
(pdftex.def)             Requested size: 441.01773pt x 199.78885pt.
<images/screen_auditlog.png, id=1001, 1154.51324pt x 523.9575pt>
File: images/screen_auditlog.png Graphic file (type png)
<use images/screen_auditlog.png>
Package pdftex.def Info: images/screen_auditlog.png  used on input line 350.
(pdftex.def)             Requested size: 441.01773pt x 200.14526pt.
) (chapters/ch5_devops.tex [39 <./images/screen_commands.png> <./images/screen_
reports.png> <./images/screen_auditlog.png>] [40]
Chapitre 5.
<images/architecture_devops.png, id=1013, 2569.6pt x 1445.4pt>
File: images/architecture_devops.png Graphic file (type png)
<use images/architecture_devops.png>
Package pdftex.def Info: images/architecture_devops.png  used on input line 35.

(pdftex.def)             Requested size: 441.01773pt x 248.05258pt.
[41

]
Overfull \hbox (30.52245pt too wide) in paragraph at lines 46--52
\T1/ptm/m/n/12 (-20) gčre sur Al-pine Li-nux ($\OMS/ztmcm/m/n/12 ^^X$\T1/ptm/m/
n/12 (-20) 50 Mo). Les dé-pen-dances sont ins-tal-lées avec \T1/cmtt/m/n/12 npm
 ci --only=production
 []


Overfull \hbox (37.5037pt too wide) in paragraph at lines 55--62
[]\T1/ptm/m/n/12 (-20) Le \T1/cmtt/m/n/12 Dockerfile \T1/ptm/m/n/12 (-20) du fr
on-tend ex-ploite un build \T1/ptm/b/n/12 (-20) multi-stage \T1/ptm/m/n/12 (-20
) : la pre-mičre étape uti-lise \T1/cmtt/m/n/12 node:18-alpine
 []

[42 <./images/architecture_devops.png>]
<images/k8s_namespace_v2.png, id=1023, 1365.1pt x 1365.1pt>
File: images/k8s_namespace_v2.png Graphic file (type png)
<use images/k8s_namespace_v2.png>
Package pdftex.def Info: images/k8s_namespace_v2.png  used on input line 89.
(pdftex.def)             Requested size: 441.01773pt x 441.00687pt.
 [43 <./images/k8s_namespace_v2.png>]
Overfull \hbox (10.4456pt too wide) in paragraph at lines 110--117
\T1/ptm/m/n/12 (-20) passe 70 %. Les seuils (\T1/cmtt/m/n/12 minReplicas\T1/ptm
/m/n/12 (-20) , \T1/cmtt/m/n/12 maxReplicas \T1/ptm/m/n/12 (-20) et \T1/cmtt/m/
n/12 targetCPUUtilizationPercentage\T1/ptm/m/n/12 (-20) )
 []

<images/backend replicas after load test.png, id=1028, 687.7695pt x 470.9595pt>

File: images/backend replicas after load test.png Graphic file (type png)
<use images/backend replicas after load test.png>
Package pdftex.def Info: images/backend replicas after load test.png  used on i
nput line 120.
(pdftex.def)             Requested size: 441.01773pt x 301.99513pt.
[44 <./images/backend replicas after load test.png>]
Overfull \hbox (0.12727pt too wide) in paragraph at lines 131--135
[]\T1/ptm/m/n/12 (-20) Le De-ploy-ment ba-ckend est confi-guré avec \T1/cmtt/m/
n/12 maxUnavailable : 0 \T1/ptm/m/n/12 (-20) et \T1/cmtt/m/n/12 maxSurge : 1\T1
/ptm/m/n/12 (-20) . Concrč-
 []

[45]
Underfull \hbox (badness 10000) in paragraph at lines 274--274
[]|\T1/cmtt/m/n/10.95 process_resident_memory_bytes /
 []

[46]
<images/grafana alert.png, id=1043, 1042.49475pt x 380.622pt>
File: images/grafana alert.png Graphic file (type png)
<use images/grafana alert.png>
Package pdftex.def Info: images/grafana alert.png  used on input line 283.
(pdftex.def)             Requested size: 374.86775pt x 136.86699pt.
 [47 <./images/grafana alert.png>]
<images/kubernetes deployements manifests.png, id=1049, 866.0355pt x 243.91125p
t>
File: images/kubernetes deployements manifests.png Graphic file (type png)
<use images/kubernetes deployements manifests.png>
Package pdftex.def Info: images/kubernetes deployements manifests.png  used on 
input line 341.
(pdftex.def)             Requested size: 441.01773pt x 124.20699pt.
 [48]
<images/gafana_promethus manifeests.png, id=1073, 878.0805pt x 379.4175pt>
File: images/gafana_promethus manifeests.png Graphic file (type png)
<use images/gafana_promethus manifeests.png>
Package pdftex.def Info: images/gafana_promethus manifeests.png  used on input 
line 348.
(pdftex.def)             Requested size: 441.01773pt x 190.56511pt.
<images/capture grafana metrics.png, id=1074, 1155.1155pt x 517.935pt>
File: images/capture grafana metrics.png Graphic file (type png)
<use images/capture grafana metrics.png>
Package pdftex.def Info: images/capture grafana metrics.png  used on input line
 370.
(pdftex.def)             Requested size: 441.01773pt x 197.74199pt.
 [49 <./images/kubernetes deployements manifests.png> <./images/gafana_promethu
s manifeests.png>]
<images/captre du pipeline.png, id=1081, 852.786pt x 295.1025pt>
File: images/captre du pipeline.png Graphic file (type png)
<use images/captre du pipeline.png>
Package pdftex.def Info: images/captre du pipeline.png  used on input line 377.

(pdftex.def)             Requested size: 441.01773pt x 152.61212pt.
<images/pyramide_tests.png, id=1082, 1541.76pt x 1027.84pt>
File: images/pyramide_tests.png Graphic file (type png)
<use images/pyramide_tests.png>
Package pdftex.def Info: images/pyramide_tests.png  used on input line 394.
(pdftex.def)             Requested size: 330.76329pt x 220.4951pt.
 [50 <./images/capture grafana metrics.png> <./images/captre du pipeline.png>]
<images/jest_results.png, id=1090, 331.2375pt x 71.0655pt>
File: images/jest_results.png Graphic file (type png)
<use images/jest_results.png>
Package pdftex.def Info: images/jest_results.png  used on input line 417.
(pdftex.def)             Requested size: 308.71106pt x 66.23552pt.
 [51 <./images/pyramide_tests.png (PNG copy)> <./images/jest_results.png>] [52]
)
(chapters/ch7_conclusion.tex [53] [54

]) [55] (main.bbl) [56


] (main.aux)
 ***********
LaTeX2e <2025-11-01>
L3 programming layer <2025-12-24>
 ***********
Package rerunfilecheck Info: File `main.out' has not changed.
(rerunfilecheck)             Checksum: E1F1F908131F5C830EBB807933778B22;20089.
 ) 
Here is how much of TeX's memory you used:
 44863 strings out of 467871
 898274 string characters out of 5428443
 1523707 words of memory out of 5000000
 72314 multiletter control sequences out of 15000+600000
 720669 words of font info for 382 fonts, out of 8000000 for 9000
 1141 hyphenation exceptions out of 8191
 102i,13n,107p,2498b,1363s stack positions out of 10000i,1000n,20000p,200000b,200000s

pdfTeX warning (dest): name{glo:devops} has been referenced but does not exist,
 replaced by a fixed one


pdfTeX warning (dest): name{glo:spa} has been referenced but does not exist, re
placed by a fixed one


pdfTeX warning (dest): name{glo:api} has been referenced but does not exist, re
placed by a fixed one


pdfTeX warning (dest): name{glo:crud} has been referenced but does not exist, r
eplaced by a fixed one


pdfTeX warning (dest): name{glo:k8s} has been referenced but does not exist, re
placed by a fixed one


pdfTeX warning (dest): name{glo:nosql} has been referenced but does not exist, 
replaced by a fixed one


pdfTeX warning (dest): name{glo:rbac} has been referenced but does not exist, r
eplaced by a fixed one


pdfTeX warning (dest): name{glo:cicd} has been referenced but does not exist, r
eplaced by a fixed one


pdfTeX warning (dest): name{glo:cpe} has been referenced but does not exist, re
placed by a fixed one


pdfTeX warning (dest): name{glo:telnet} has been referenced but does not exist,
 replaced by a fixed one

 <C:\Users\ademh\AppData\Local\MiKTeX\fonts/pk/ljfour/jknappen/ec/dpi450\ectt08
00.pk> <C:\Users\ademh\AppData\Local\MiKTeX\fonts/pk/ljfour/jknappen/ec/dpi600\
ectt0800.pk> <C:\Users\ademh\AppData\Local\MiKTeX\fonts/pk/ljfour/jknappen/ec/d
pi600\ectt1200.pk> <C:\Users\ademh\AppData\Local\MiKTeX\fonts/pk/ljfour/jknappe
n/ec/dpi600\ectt1095.pk><C:/Program Files/MiKTeX/fonts/type1/public/amsfonts/cm
/cmmi10.pfb><C:/Program Files/MiKTeX/fonts/type1/public/amsfonts/cm/cmsy10.pfb>
<C:/Program Files/MiKTeX/fonts/type1/urw/times/utmb8a.pfb><C:/Program Files/MiK
TeX/fonts/type1/urw/times/utmr8a.pfb><C:/Program Files/MiKTeX/fonts/type1/urw/t
imes/utmri8a.pfb>
Output written on main.pdf (67 pages, 8459246 bytes).
PDF statistics:
 1411 PDF objects out of 1440 (max. 8388607)
 333 named destinations out of 1000 (max. 500000)
 106500 words of extra memory for PDF output out of 106986 (max. 10000000)

